#
# A fatal error has been detected by the Java Runtime Environment:
#
#  SIGSEGV (0xb) at pc=0x00007f55c6914ee9, pid=20950, tid=0x00007f55c626d640
#
# JRE version: Java(TM) SE Runtime Environment (8.0_202-b08) (build 1.8.0_202-b08)
# Java VM: Java HotSpot(TM) 64-Bit Server VM (25.202-b08 mixed mode linux-amd64 compressed oops)
# Problematic frame:
# C  [libawt_xawt.so+0x45ee9]  ReadRegionsInList.constprop.5+0x4e9
#
# Failed to write core dump. Core dumps have been disabled. To enable core dumping, try "ulimit -c unlimited" before starting Java again
#
# If you would like to submit a bug report, please visit:
#   http://bugreport.java.com/bugreport/crash.jsp
# The crash happened outside the Java Virtual Machine in native code.
# See problematic frame for where to report the bug.
#

---------------  T H R E A D  ---------------

Current thread (0x00007f565151a800):  JavaThread "pool-1-thread-1" [_thread_in_native, id=21127, stack(0x00007f55c616e000,0x00007f55c626e000)]

siginfo: si_signo: 11 (SIGSEGV), si_code: 1 (SEGV_MAPERR), si_addr: 0x0000000000000068

Registers:
RAX=0x0000000000000780, RBX=0x0000000000000000, RCX=0x0000000000000780, RDX=0x0000000000000000
RSP=0x00007f55c626c0d0, RBP=0x00007f55c626c1b0, RSI=0x0000000000000000, RDI=0x0000000000000000
R8 =0x00007f55c626c174, R9 =0x0000000000000002, R10=0x00007f5658e8ecc0, R11=0x0000000001710080
R12=0x0000000000000000, R13=0x0000000000000000, R14=0x000000000170df30, R15=0x000000000170dee0
RIP=0x00007f55c6914ee9, EFLAGS=0x0000000000010246, CSGSFS=0x002b000000000033, ERR=0x0000000000000004
  TRAPNO=0x000000000000000e

Top of Stack: (sp=0x00007f55c626c0d0)
0x00007f55c626c0d0:   0438078000000000 00000780f4091b79
0x00007f55c626c0e0:   0000000200000000 00007f55c626c178
0x00007f55c626c0f0:   00007f55c626c174 00007f55c626c170
0x00007f55c626c100:   00007f55c626c16c 0000000000000438
0x00007f55c626c110:   00007f550000077f 00007f5650153450
0x00007f55c626c120:   0000000000000438 000000000170de90
0x00007f55c626c130:   0000000000000000 0000000000000000
0x00007f55c626c140:   0000000000000000 0000000000000780
0x00007f55c626c150:   0438078000000000 0000000000000780
0x00007f55c626c160:   0000000000000000 0000001000000000
0x00007f55c626c170:   0000000000000008 000000000170e050
0x00007f55c626c180:   0000001800000000 0438078000000000
0x00007f55c626c190:   0000000000000780 0000000000000000
0x00007f55c626c1a0:   00007f55c626c220 0000000000000438
0x00007f55c626c1b0:   00007f55c626c290 00007f55c6915496
0x00007f55c626c1c0:   000000000170de30 00007f55c6915454
0x00007f55c626c1d0:   0000000000000000 0000000000000000
0x00007f55c626c1e0:   00007f5650153450 0000000000000001
0x00007f55c626c1f0:   00007f5600000438 00007f5650153450
0x00007f55c626c200:   00007f55c626c358 00007f5650153450
0x00007f55c626c210:   00000000c626c358 0000000000000000
0x00007f55c626c220:   0000000000000000 00007f55c626c254
0x00007f55c626c230:   00007f5500000005 0000000000ff0000
0x00007f55c626c240:   000000000000ff00 00000000000000ff
0x00007f55c626c250:   0000010000000008 0438078000000000
0x00007f55c626c260:   0000000000000000 00007f565151a9f8
0x00007f55c626c270:   0000000000000000 00007f5650153450
0x00007f55c626c280:   0000000000000780 000000000000006a
0x00007f55c626c290:   00007f55c626c3d0 00007f55c6907293
0x00007f55c626c2a0:   0000000000000034 000000000170cd70
0x00007f55c626c2b0:   0000000000000000 0000000000000000
0x00007f55c626c2c0:   0000000000000034 000000000170dc80 

Instructions: (pc=0x00007f55c6914ee9)
0x00007f55c6914ec9:   45 8c 03 45 90 89 45 a0 49 8d 44 24 01 45 31 e4
0x00007f55c6914ed9:   48 89 45 98 0f 1f 00 44 89 e6 8b 55 ac 48 89 df
0x00007f55c6914ee9:   ff 53 68 4d 8b 57 08 8b 4d bc 48 98 48 8b 75 c8
0x00007f55c6914ef9:   49 8b 52 18 49 8b 7a 20 48 21 c2 48 21 c7 49 23 

Register to memory mapping:

RAX=0x0000000000000780 is an unknown value
RBX=0x0000000000000000 is an unknown value
RCX=0x0000000000000780 is an unknown value
RDX=0x0000000000000000 is an unknown value
RSP=0x00007f55c626c0d0 is pointing into the stack for thread: 0x00007f565151a800
RBP=0x00007f55c626c1b0 is pointing into the stack for thread: 0x00007f565151a800
RSI=0x0000000000000000 is an unknown value
RDI=0x0000000000000000 is an unknown value
R8 =0x00007f55c626c174 is pointing into the stack for thread: 0x00007f565151a800
R9 =0x0000000000000002 is an unknown value
R10=0x00007f5658e8ecc0: <offset 0x219cc0> in /lib/x86_64-linux-gnu/libc.so.6 at 0x00007f5658c75000
R11=0x0000000001710080 is an unknown value
R12=0x0000000000000000 is an unknown value
R13=0x0000000000000000 is an unknown value
R14=0x000000000170df30 is an unknown value
R15=0x000000000170dee0 is an unknown value


Stack: [0x00007f55c616e000,0x00007f55c626e000],  sp=0x00007f55c626c0d0,  free space=1016k
Native frames: (J=compiled Java code, j=interpreted, Vv=VM code, C=native code)
C  [libawt_xawt.so+0x45ee9]  ReadRegionsInList.constprop.5+0x4e9
C  [libawt_xawt.so+0x46496]  ReadAreaToImage+0x86
C  [libawt_xawt.so+0x38293]  Java_sun_awt_X11_XRobotPeer_getRGBPixelsImpl+0x273
j  sun.awt.X11.XRobotPeer.getRGBPixelsImpl(Lsun/awt/X11GraphicsConfig;IIII[I)V+0
j  sun.awt.X11.XRobotPeer.getRGBPixels(Ljava/awt/Rectangle;)[I+33
j  java.awt.Robot.createScreenCapture(Ljava/awt/Rectangle;)Ljava/awt/image/BufferedImage;+50
j  org.monte.screenrecorder.ScreenRecorder$ScreenGrabber.grabScreen()V+18
j  org.monte.screenrecorder.ScreenRecorder$ScreenGrabber.run()V+1
j  java.util.concurrent.Executors$RunnableAdapter.call()Ljava/lang/Object;+4
j  java.util.concurrent.FutureTask.runAndReset()Z+47
j  java.util.concurrent.ScheduledThreadPoolExecutor$ScheduledFutureTask.access$301(Ljava/util/concurrent/ScheduledThreadPoolExecutor$ScheduledFutureTask;)Z+1
j  java.util.concurrent.ScheduledThreadPoolExecutor$ScheduledFutureTask.run()V+37
j  java.util.concurrent.ThreadPoolExecutor.runWorker(Ljava/util/concurrent/ThreadPoolExecutor$Worker;)V+95
j  java.util.concurrent.ThreadPoolExecutor$Worker.run()V+5
j  java.lang.Thread.run()V+11
v  ~StubRoutines::call_stub
V  [libjvm.so+0x68839b]  JavaCalls::call_helper(JavaValue*, methodHandle*, JavaCallArguments*, Thread*)+0xddb
V  [libjvm.so+0x685c63]  JavaCalls::call_virtual(JavaValue*, KlassHandle, Symbol*, Symbol*, JavaCallArguments*, Thread*)+0x263
V  [libjvm.so+0x686227]  JavaCalls::call_virtual(JavaValue*, Handle, KlassHandle, Symbol*, Symbol*, Thread*)+0x47
V  [libjvm.so+0x6f239c]  thread_entry(JavaThread*, Thread*)+0x6c
V  [libjvm.so+0xa7b9eb]  JavaThread::thread_main_inner()+0xdb
V  [libjvm.so+0xa7bcf1]  JavaThread::run()+0x2d1
V  [libjvm.so+0x90d8c2]  java_start(Thread*)+0x102
C  [libc.so.6+0x94947]

Java frames: (J=compiled Java code, j=interpreted, Vv=VM code)
j  sun.awt.X11.XRobotPeer.getRGBPixelsImpl(Lsun/awt/X11GraphicsConfig;IIII[I)V+0
j  sun.awt.X11.XRobotPeer.getRGBPixels(Ljava/awt/Rectangle;)[I+33
j  java.awt.Robot.createScreenCapture(Ljava/awt/Rectangle;)Ljava/awt/image/BufferedImage;+50
j  org.monte.screenrecorder.ScreenRecorder$ScreenGrabber.grabScreen()V+18
j  org.monte.screenrecorder.ScreenRecorder$ScreenGrabber.run()V+1
j  java.util.concurrent.Executors$RunnableAdapter.call()Ljava/lang/Object;+4
j  java.util.concurrent.FutureTask.runAndReset()Z+47
j  java.util.concurrent.ScheduledThreadPoolExecutor$ScheduledFutureTask.access$301(Ljava/util/concurrent/ScheduledThreadPoolExecutor$ScheduledFutureTask;)Z+1
j  java.util.concurrent.ScheduledThreadPoolExecutor$ScheduledFutureTask.run()V+37
j  java.util.concurrent.ThreadPoolExecutor.runWorker(Ljava/util/concurrent/ThreadPoolExecutor$Worker;)V+95
j  java.util.concurrent.ThreadPoolExecutor$Worker.run()V+5
j  java.lang.Thread.run()V+11
v  ~StubRoutines::call_stub

---------------  P R O C E S S  ---------------

Java Threads: ( => current thread )
  0x00007f56514ba000 JavaThread "pool-2-thread-1" [_thread_blocked, id=21128, stack(0x00007f55c606e000,0x00007f55c616e000)]
=>0x00007f565151a800 JavaThread "pool-1-thread-1" [_thread_in_native, id=21127, stack(0x00007f55c616e000,0x00007f55c626e000)]
  0x00007f5651519800 JavaThread "Thread-5" [_thread_blocked, id=21126, stack(0x00007f55c626e000,0x00007f55c636e000)]
  0x00007f5651331000 JavaThread "Image Fetcher 0" daemon [_thread_blocked, id=21125, stack(0x00007f55c636e000,0x00007f55c646e000)]
  0x00007f5651aaa800 JavaThread "AWT-XAWT" daemon [_thread_blocked, id=21124, stack(0x00007f5608cff000,0x00007f5608dff000)]
  0x00007f5651bbd000 JavaThread "Java2D Disposer" daemon [_thread_blocked, id=21123, stack(0x00007f55f669e000,0x00007f55f679e000)]
  0x00007f56522c9000 JavaThread "AsyncHttpClient-1-4" daemon [_thread_in_native, id=21093, stack(0x00007f55f419c000,0x00007f55f429c000)]
  0x00007f56522c5000 JavaThread "AsyncHttpClient-1-3" daemon [_thread_in_native, id=21092, stack(0x00007f55f529d000,0x00007f55f539d000)]
  0x00007f565218e000 JavaThread "AsyncHttpClient-1-2" daemon [_thread_in_native, id=20987, stack(0x00007f55f639e000,0x00007f55f649e000)]
  0x00007f55ec01b800 JavaThread "UrlChecker-2" daemon [_thread_blocked, id=20985, stack(0x00007f55f6a72000,0x00007f55f6b72000)]
  0x00007f55e800c800 JavaThread "Exec Stream Pumper" daemon [_thread_in_native, id=20984, stack(0x00007f55f6b72000,0x00007f55f6c72000)]
  0x00007f55e800b800 JavaThread "Exec Stream Pumper" daemon [_thread_in_native, id=20983, stack(0x00007f55f6c72000,0x00007f55f6d72000)]
  0x00007f55e8008800 JavaThread "process reaper" daemon [_thread_in_native, id=20982, stack(0x00007f563804d000,0x00007f5638086000)]
  0x00007f5651c04000 JavaThread "Driver Service Executor" daemon [_thread_blocked, id=20977, stack(0x00007f55f6d72000,0x00007f55f6e72000)]
  0x00007f5651bfc800 JavaThread "Driver Service Executor" daemon [_thread_blocked, id=20975, stack(0x00007f55f6e72000,0x00007f55f6f72000)]
  0x00007f5651bff000 JavaThread "Exec Default Executor" daemon [_thread_blocked, id=20974, stack(0x00007f55f6f72000,0x00007f55f7072000)]
  0x00007f5651408000 JavaThread "AsyncHttpClient-1-1" daemon [_thread_blocked, id=20973, stack(0x00007f55f74c2000,0x00007f55f75c2000)]
  0x00007f5650b01800 JavaThread "ForkJoinPool.commonPool-worker-1" daemon [_thread_blocked, id=20971, stack(0x00007f56380b0000,0x00007f56381b0000)]
  0x00007f5650958000 JavaThread "ReaderThread" [_thread_in_native, id=20970, stack(0x00007f56381b0000,0x00007f56382b0000)]
  0x00007f56500d0000 JavaThread "Service Thread" daemon [_thread_blocked, id=20967, stack(0x00007f564098f000,0x00007f5640a8f000)]
  0x00007f56500c5000 JavaThread "C1 CompilerThread2" daemon [_thread_blocked, id=20966, stack(0x00007f565404a000,0x00007f565414a000)]
  0x00007f56500c3000 JavaThread "C2 CompilerThread1" daemon [_thread_blocked, id=20965, stack(0x00007f565414b000,0x00007f565424b000)]
  0x00007f56500c0000 JavaThread "C2 CompilerThread0" daemon [_thread_blocked, id=20964, stack(0x00007f565424c000,0x00007f565434c000)]
  0x00007f56500be800 JavaThread "Signal Dispatcher" daemon [_thread_blocked, id=20963, stack(0x00007f565434c000,0x00007f565444c000)]
  0x00007f565008b800 JavaThread "Finalizer" daemon [_thread_blocked, id=20962, stack(0x00007f565444c000,0x00007f565454c000)]
  0x00007f5650089000 JavaThread "Reference Handler" daemon [_thread_blocked, id=20961, stack(0x00007f565454c000,0x00007f565464c000)]
  0x00007f5650010800 JavaThread "Forwarding screenshot on session 9536813dae32a95d4fad6c8f07adb50b to remote" [_thread_blocked, id=20952, stack(0x00007f5657aa6000,0x00007f5657ba6000)]

Other Threads:
  0x00007f565007f800 VMThread [stack: 0x00007f565464d000,0x00007f565474d000] [id=20960]
  0x00007f56500d3000 WatcherThread [stack: 0x00007f564088f000,0x00007f564098f000] [id=20968]

VM state:not at safepoint (normal execution)

VM Mutex/Monitor currently owned by a thread: None

heap address: 0x0000000085600000, size: 1962 MB, Compressed Oops mode: 32-bit
Narrow klass base: 0x0000000000000000, Narrow klass shift: 3
Compressed class space size: 1073741824 Address: 0x0000000100000000

Heap:
 PSYoungGen      total 102400K, used 77698K [0x00000000d7200000, 0x00000000e1300000, 0x0000000100000000)
  eden space 93184K, 83% used [0x00000000d7200000,0x00000000dbde0b08,0x00000000dcd00000)
  from space 9216K, 0% used [0x00000000dcd00000,0x00000000dcd00000,0x00000000dd600000)
  to   space 9728K, 0% used [0x00000000e0980000,0x00000000e0980000,0x00000000e1300000)
 ParOldGen       total 89088K, used 12065K [0x0000000085600000, 0x000000008ad00000, 0x00000000d7200000)
  object space 89088K, 13% used [0x0000000085600000,0x00000000861c8460,0x000000008ad00000)
 Metaspace       used 41285K, capacity 43374K, committed 43776K, reserved 1087488K
  class space    used 5267K, capacity 5769K, committed 5888K, reserved 1048576K

Card table byte_map: [0x00007f5656cb1000,0x00007f5657087000] byte_map_base: 0x00007f5656886000

Marking Bits: (ParMarkBitMap*) 0x00007f5658c55d80
 Begin Bits: [0x00007f56382b0000, 0x00007f563a158000)
 End Bits:   [0x00007f563a158000, 0x00007f563c000000)

Polling page: 0x00007f56590ce000

CodeCache: size=245760Kb used=8867Kb max_used=8872Kb free=236892Kb
 bounds [0x00007f5641000000, 0x00007f56418b0000, 0x00007f5650000000]
 total_blobs=3334 nmethods=2666 adapters=581
 compilation: enabled

Compilation events (10 events):
Event: 11.419 Thread 0x00007f56500c5000 nmethod 2662 0x00007f56418a6250 code [0x00007f56418a6400, 0x00007f56418a6ad0]
Event: 11.420 Thread 0x00007f56500c0000 nmethod 2663 0x00007f56418a5e10 code [0x00007f56418a5f80, 0x00007f56418a60d8]
Event: 11.421 Thread 0x00007f56500c5000 2664       3       java.util.Formatter::checkText (58 bytes)
Event: 11.422 Thread 0x00007f56500c5000 nmethod 2664 0x00007f56418ade50 code [0x00007f56418ae040, 0x00007f56418ae9e8]
Event: 11.422 Thread 0x00007f56500c5000 2665       3       io.netty.buffer.AbstractByteBuf::ensureAccessible (23 bytes)
Event: 11.423 Thread 0x00007f56500c5000 nmethod 2665 0x00007f56418ad890 code [0x00007f56418ada20, 0x00007f56418add38]
Event: 11.423 Thread 0x00007f56500c5000 2666       3       io.netty.buffer.AbstractReferenceCountedByteBuf::isAccessible (8 bytes)
Event: 11.423 Thread 0x00007f56500c5000 nmethod 2666 0x00007f56418a9d10 code [0x00007f56418a9e80, 0x00007f56418aa088]
Event: 11.423 Thread 0x00007f56500c5000 2667       1       io.netty.buffer.AbstractByteBuf::writerIndex (5 bytes)
Event: 11.423 Thread 0x00007f56500c5000 nmethod 2667 0x00007f56418a5a90 code [0x00007f56418a5be0, 0x00007f56418a5cf0]

GC Heap History (10 events):
Event: 1.183 GC heap before
{Heap before GC invocations=5 (full 1):
 PSYoungGen      total 68608K, used 5096K [0x00000000d7200000, 0x00000000dba00000, 0x0000000100000000)
  eden space 63488K, 0% used [0x00000000d7200000,0x00000000d7200000,0x00000000db000000)
  from space 5120K, 99% used [0x00000000db500000,0x00000000db9fa380,0x00000000dba00000)
  to   space 5120K, 0% used [0x00000000db000000,0x00000000db000000,0x00000000db500000)
 ParOldGen       total 84992K, used 4158K [0x0000000085600000, 0x000000008a900000, 0x00000000d7200000)
  object space 84992K, 4% used [0x0000000085600000,0x0000000085a0f820,0x000000008a900000)
 Metaspace       used 20290K, capacity 21190K, committed 21296K, reserved 1069056K
  class space    used 2419K, capacity 2677K, committed 2688K, reserved 1048576K
Event: 1.210 GC heap after
Heap after GC invocations=5 (full 1):
 PSYoungGen      total 68608K, used 0K [0x00000000d7200000, 0x00000000dba00000, 0x0000000100000000)
  eden space 63488K, 0% used [0x00000000d7200000,0x00000000d7200000,0x00000000db000000)
  from space 5120K, 0% used [0x00000000db500000,0x00000000db500000,0x00000000dba00000)
  to   space 5120K, 0% used [0x00000000db000000,0x00000000db000000,0x00000000db500000)
 ParOldGen       total 56320K, used 6714K [0x0000000085600000, 0x0000000088d00000, 0x00000000d7200000)
  object space 56320K, 11% used [0x0000000085600000,0x0000000085c8e950,0x0000000088d00000)
 Metaspace       used 20290K, capacity 21190K, committed 21296K, reserved 1069056K
  class space    used 2419K, capacity 2677K, committed 2688K, reserved 1048576K
}
Event: 1.517 GC heap before
{Heap before GC invocations=6 (full 1):
 PSYoungGen      total 68608K, used 63488K [0x00000000d7200000, 0x00000000dba00000, 0x0000000100000000)
  eden space 63488K, 100% used [0x00000000d7200000,0x00000000db000000,0x00000000db000000)
  from space 5120K, 0% used [0x00000000db500000,0x00000000db500000,0x00000000dba00000)
  to   space 5120K, 0% used [0x00000000db000000,0x00000000db000000,0x00000000db500000)
 ParOldGen       total 56320K, used 6714K [0x0000000085600000, 0x0000000088d00000, 0x00000000d7200000)
  object space 56320K, 11% used [0x0000000085600000,0x0000000085c8e950,0x0000000088d00000)
 Metaspace       used 24505K, capacity 25554K, committed 25856K, reserved 1071104K
  class space    used 2987K, capacity 3273K, committed 3328K, reserved 1048576K
Event: 1.521 GC heap after
Heap after GC invocations=6 (full 1):
 PSYoungGen      total 68608K, used 4664K [0x00000000d7200000, 0x00000000ddd80000, 0x0000000100000000)
  eden space 63488K, 0% used [0x00000000d7200000,0x00000000d7200000,0x00000000db000000)
  from space 5120K, 91% used [0x00000000db000000,0x00000000db48e3d0,0x00000000db500000)
  to   space 7680K, 0% used [0x00000000dd600000,0x00000000dd600000,0x00000000ddd80000)
 ParOldGen       total 56320K, used 6722K [0x0000000085600000, 0x0000000088d00000, 0x00000000d7200000)
  object space 56320K, 11% used [0x0000000085600000,0x0000000085c90950,0x0000000088d00000)
 Metaspace       used 24505K, capacity 25554K, committed 25856K, reserved 1071104K
  class space    used 2987K, capacity 3273K, committed 3328K, reserved 1048576K
}
Event: 2.016 GC heap before
{Heap before GC invocations=7 (full 1):
 PSYoungGen      total 68608K, used 68152K [0x00000000d7200000, 0x00000000ddd80000, 0x0000000100000000)
  eden space 63488K, 100% used [0x00000000d7200000,0x00000000db000000,0x00000000db000000)
  from space 5120K, 91% used [0x00000000db000000,0x00000000db48e3d0,0x00000000db500000)
  to   space 7680K, 0% used [0x00000000dd600000,0x00000000dd600000,0x00000000ddd80000)
 ParOldGen       total 56320K, used 6722K [0x0000000085600000, 0x0000000088d00000, 0x00000000d7200000)
  object space 56320K, 11% used [0x0000000085600000,0x0000000085c90950,0x0000000088d00000)
 Metaspace       used 31322K, capacity 32774K, committed 33024K, reserved 1077248K
  class space    used 3890K, capacity 4263K, committed 4352K, reserved 1048576K
Event: 2.023 GC heap after
Heap after GC invocations=7 (full 1):
 PSYoungGen      total 100864K, used 7663K [0x00000000d7200000, 0x00000000ddf80000, 0x0000000100000000)
  eden space 93184K, 0% used [0x00000000d7200000,0x00000000d7200000,0x00000000dcd00000)
  from space 7680K, 99% used [0x00000000dd600000,0x00000000ddd7bfd0,0x00000000ddd80000)
  to   space 9216K, 0% used [0x00000000dcd00000,0x00000000dcd00000,0x00000000dd600000)
 ParOldGen       total 56320K, used 8588K [0x0000000085600000, 0x0000000088d00000, 0x00000000d7200000)
  object space 56320K, 15% used [0x0000000085600000,0x0000000085e630d8,0x0000000088d00000)
 Metaspace       used 31322K, capacity 32774K, committed 33024K, reserved 1077248K
  class space    used 3890K, capacity 4263K, committed 4352K, reserved 1048576K
}
Event: 2.168 GC heap before
{Heap before GC invocations=8 (full 1):
 PSYoungGen      total 100864K, used 25606K [0x00000000d7200000, 0x00000000ddf80000, 0x0000000100000000)
  eden space 93184K, 19% used [0x00000000d7200000,0x00000000d8385938,0x00000000dcd00000)
  from space 7680K, 99% used [0x00000000dd600000,0x00000000ddd7bfd0,0x00000000ddd80000)
  to   space 9216K, 0% used [0x00000000dcd00000,0x00000000dcd00000,0x00000000dd600000)
 ParOldGen       total 56320K, used 8588K [0x0000000085600000, 0x0000000088d00000, 0x00000000d7200000)
  object space 56320K, 15% used [0x0000000085600000,0x0000000085e630d8,0x0000000088d00000)
 Metaspace       used 33749K, capacity 35314K, committed 35456K, reserved 1079296K
  class space    used 4244K, capacity 4657K, committed 4736K, reserved 1048576K
Event: 2.177 GC heap after
Heap after GC invocations=8 (full 1):
 PSYoungGen      total 102400K, used 7846K [0x00000000d7200000, 0x00000000e1300000, 0x0000000100000000)
  eden space 93184K, 0% used [0x00000000d7200000,0x00000000d7200000,0x00000000dcd00000)
  from space 9216K, 85% used [0x00000000dcd00000,0x00000000dd4a9b20,0x00000000dd600000)
  to   space 9728K, 0% used [0x00000000e0980000,0x00000000e0980000,0x00000000e1300000)
 ParOldGen       total 56320K, used 8588K [0x0000000085600000, 0x0000000088d00000, 0x00000000d7200000)
  object space 56320K, 15% used [0x0000000085600000,0x0000000085e630d8,0x0000000088d00000)
 Metaspace       used 33749K, capacity 35314K, committed 35456K, reserved 1079296K
  class space    used 4244K, capacity 4657K, committed 4736K, reserved 1048576K
}
Event: 2.177 GC heap before
{Heap before GC invocations=9 (full 2):
 PSYoungGen      total 102400K, used 7846K [0x00000000d7200000, 0x00000000e1300000, 0x0000000100000000)
  eden space 93184K, 0% used [0x00000000d7200000,0x00000000d7200000,0x00000000dcd00000)
  from space 9216K, 85% used [0x00000000dcd00000,0x00000000dd4a9b20,0x00000000dd600000)
  to   space 9728K, 0% used [0x00000000e0980000,0x00000000e0980000,0x00000000e1300000)
 ParOldGen       total 56320K, used 8588K [0x0000000085600000, 0x0000000088d00000, 0x00000000d7200000)
  object space 56320K, 15% used [0x0000000085600000,0x0000000085e630d8,0x0000000088d00000)
 Metaspace       used 33749K, capacity 35314K, committed 35456K, reserved 1079296K
  class space    used 4244K, capacity 4657K, committed 4736K, reserved 1048576K
Event: 2.229 GC heap after
Heap after GC invocations=9 (full 2):
 PSYoungGen      total 102400K, used 0K [0x00000000d7200000, 0x00000000e1300000, 0x0000000100000000)
  eden space 93184K, 0% used [0x00000000d7200000,0x00000000d7200000,0x00000000dcd00000)
  from space 9216K, 0% used [0x00000000dcd00000,0x00000000dcd00000,0x00000000dd600000)
  to   space 9728K, 0% used [0x00000000e0980000,0x00000000e0980000,0x00000000e1300000)
 ParOldGen       total 89088K, used 12065K [0x0000000085600000, 0x000000008ad00000, 0x00000000d7200000)
  object space 89088K, 13% used [0x0000000085600000,0x00000000861c8460,0x000000008ad00000)
 Metaspace       used 33749K, capacity 35314K, committed 35456K, reserved 1079296K
  class space    used 4244K, capacity 4657K, committed 4736K, reserved 1048576K
}

Deoptimization events (10 events):
Event: 1.922 Thread 0x00007f5650010800 Uncommon trap: reason=unstable_if action=reinterpret pc=0x00007f564171d9ec method=java.lang.Integer.parseInt(Ljava/lang/String;I)I @ 122
Event: 2.151 Thread 0x00007f5651bff000 Uncommon trap: reason=unstable_if action=reinterpret pc=0x00007f564154db50 method=java.lang.ThreadLocal.get()Ljava/lang/Object; @ 11
Event: 10.917 Thread 0x00007f5650010800 Uncommon trap: reason=bimorphic action=maybe_recompile pc=0x00007f5641722424 method=java.util.Hashtable.put(Ljava/lang/Object;Ljava/lang/Object;)Ljava/lang/Object; @ 18
Event: 10.952 Thread 0x00007f5650010800 Uncommon trap: reason=bimorphic action=maybe_recompile pc=0x00007f5641722424 method=java.util.Hashtable.put(Ljava/lang/Object;Ljava/lang/Object;)Ljava/lang/Object; @ 18
Event: 10.953 Thread 0x00007f5650010800 Uncommon trap: reason=bimorphic action=maybe_recompile pc=0x00007f5641722424 method=java.util.Hashtable.put(Ljava/lang/Object;Ljava/lang/Object;)Ljava/lang/Object; @ 18
Event: 10.955 Thread 0x00007f5650010800 Uncommon trap: reason=bimorphic action=maybe_recompile pc=0x00007f5641722424 method=java.util.Hashtable.put(Ljava/lang/Object;Ljava/lang/Object;)Ljava/lang/Object; @ 18
Event: 11.070 Thread 0x00007f5651331000 Uncommon trap: reason=class_check action=maybe_recompile pc=0x00007f564156c3fc method=java.util.zip.InflaterInputStream.read([BII)I @ 100
Event: 11.090 Thread 0x00007f5651331000 Uncommon trap: reason=class_check action=maybe_recompile pc=0x00007f564156c3fc method=java.util.zip.InflaterInputStream.read([BII)I @ 100
Event: 11.117 Thread 0x00007f5651331000 Uncommon trap: reason=class_check action=maybe_recompile pc=0x00007f564156c3fc method=java.util.zip.InflaterInputStream.read([BII)I @ 100
Event: 11.118 Thread 0x00007f5651331000 Uncommon trap: reason=class_check action=maybe_recompile pc=0x00007f564156c3fc method=java.util.zip.InflaterInputStream.read([BII)I @ 100

Classes redefined (0 events):
No events

Internal exceptions (10 events):
Event: 1.911 Thread 0x00007f5650010800 Exception <a 'java/lang/NoSuchMethodError': java.lang.Object.lambda$create$0(Lorg/openqa/selenium/remote/http/HttpClient$Factory;)Z> (0x00000000da11b4a8) thrown at [/HUDSON/workspace/8-2-build-linux-amd64/jdk8u202/12319/hotspot/src/share/vm/interpreter/li
Event: 1.911 Thread 0x00007f5650010800 Exception <a 'java/lang/NoSuchMethodError': java.lang.Object.lambda$create$1(Ljava/lang/String;Lorg/openqa/selenium/remote/http/HttpClient$Factory;)Z> (0x00000000da11e8f8) thrown at [/HUDSON/workspace/8-2-build-linux-amd64/jdk8u202/12319/hotspot/src/share
Event: 1.934 Thread 0x00007f5650010800 Exception <a 'java/lang/NoClassDefFoundError'> (0x00000000da441fa8) thrown at [/HUDSON/workspace/8-2-build-linux-amd64/jdk8u202/12319/hotspot/src/share/vm/oops/instanceKlass.cpp, line 959]
Event: 2.081 Thread 0x00007f5650010800 Exception <a 'java/lang/NoSuchMethodError': java.lang.Object.lambda$andFinally$1(Lorg/openqa/selenium/remote/http/HttpHandler;Lorg/openqa/selenium/remote/http/HttpRequest;)Lorg/openqa/selenium/remote/http/HttpResponse;> (0x00000000d7a05b60) thrown at [/HU
Event: 2.151 Thread 0x00007f5651bff000 Implicit null exception at 0x00007f564154da8b to 0x00007f564154db3d
Event: 2.273 Thread 0x00007f5650010800 Exception <a 'java/lang/NoSuchMethodError': java.lang.Object.lambda$chars$0()Ljava/util/Spliterator$OfInt;> (0x00000000d75d4a98) thrown at [/HUDSON/workspace/8-2-build-linux-amd64/jdk8u202/12319/hotspot/src/share/vm/interpreter/linkResolver.cpp, line 620]
Event: 2.303 Thread 0x00007f5650010800 Exception <a 'java/lang/NoSuchMethodError': java.lang.Object.lambda$negate$1(Ljava/lang/Object;)Z> (0x00000000d7810950) thrown at [/HUDSON/workspace/8-2-build-linux-amd64/jdk8u202/12319/hotspot/src/share/vm/interpreter/linkResolver.cpp, line 620]
Event: 2.843 Thread 0x00007f5650010800 Exception <a 'java/lang/NoSuchMethodError': java.lang.Object.lambda$getResponseFunction$0(Lorg/openqa/selenium/remote/InitialHandshakeResponse;)Lorg/openqa/selenium/remote/ProtocolHandshake$Result;> (0x00000000d9b63a68) thrown at [/HUDSON/workspace/8-2-bu
Event: 10.683 Thread 0x00007f5650010800 Exception <a 'java/io/FileNotFoundException'> (0x00000000da75c178) thrown at [/HUDSON/workspace/8-2-build-linux-amd64/jdk8u202/12319/hotspot/src/share/vm/prims/jni.cpp, line 710]
Event: 10.683 Thread 0x00007f5650010800 Exception <a 'java/io/FileNotFoundException'> (0x00000000da75ccc8) thrown at [/HUDSON/workspace/8-2-build-linux-amd64/jdk8u202/12319/hotspot/src/share/vm/prims/jni.cpp, line 710]

Events (10 events):
Event: 11.428 loading class java/awt/peer/MouseInfoPeer done
Event: 11.428 loading class sun/java2d/pipe/RenderQueue done
Event: 11.428 loading class sun/java2d/opengl/OGLRenderQueue done
Event: 11.428 loading class sun/awt/X11/XMouseInfoPeer done
Event: 11.428 Executing VM operation: RevokeBias
Event: 11.431 Executing VM operation: RevokeBias done
Event: 11.431 Executing VM operation: RevokeBias
Event: 11.431 Executing VM operation: RevokeBias done
Event: 11.433 loading class sun/awt/X11/XErrorEvent
Event: 11.441 loading class sun/awt/X11/XErrorEvent done


Dynamic libraries:
00400000-00401000 r-xp 00000000 08:02 18088088                           /opt/java/jdk1.8.0_202/bin/java
00600000-00601000 r--p 00000000 08:02 18088088                           /opt/java/jdk1.8.0_202/bin/java
00601000-00602000 rw-p 00001000 08:02 18088088                           /opt/java/jdk1.8.0_202/bin/java
016f4000-019e9000 rw-p 00000000 00:00 0                                  [heap]
85600000-8ad00000 rw-p 00000000 00:00 0 
8ad00000-d7200000 ---p 00000000 00:00 0 
d7200000-e1300000 rw-p 00000000 00:00 0 
e1300000-100000000 ---p 00000000 00:00 0 
100000000-1005c0000 rw-p 00000000 00:00 0 
1005c0000-140000000 ---p 00000000 00:00 0 
7f55b4000000-7f55b4021000 rw-p 00000000 00:00 0 
7f55b4021000-7f55b8000000 ---p 00000000 00:00 0 
7f55bc000000-7f55bc065000 rw-p 00000000 00:00 0 
7f55bc065000-7f55c0000000 ---p 00000000 00:00 0 
7f55c0000000-7f55c0021000 rw-p 00000000 00:00 0 
7f55c0021000-7f55c4000000 ---p 00000000 00:00 0 
7f55c5884000-7f55c606e000 rw-p 00000000 00:00 0 
7f55c606e000-7f55c6071000 ---p 00000000 00:00 0 
7f55c6071000-7f55c616e000 rw-p 00000000 00:00 0 
7f55c616e000-7f55c6171000 ---p 00000000 00:00 0 
7f55c6171000-7f55c626e000 rw-p 00000000 00:00 0 
7f55c626e000-7f55c6271000 ---p 00000000 00:00 0 
7f55c6271000-7f55c636e000 rw-p 00000000 00:00 0 
7f55c636e000-7f55c6371000 ---p 00000000 00:00 0 
7f55c6371000-7f55c656e000 rw-p 00000000 00:00 0 
7f55c656e000-7f55c666e000 ---p 00000000 00:00 0 
7f55c666e000-7f55c66cb000 r-xp 00000000 08:02 18089787                   /opt/java/jdk1.8.0_202/jre/lib/amd64/libfontmanager.so
7f55c66cb000-7f55c68cb000 ---p 0005d000 08:02 18089787                   /opt/java/jdk1.8.0_202/jre/lib/amd64/libfontmanager.so
7f55c68cb000-7f55c68ce000 r--p 0005d000 08:02 18089787                   /opt/java/jdk1.8.0_202/jre/lib/amd64/libfontmanager.so
7f55c68ce000-7f55c68cf000 rw-p 00060000 08:02 18089787                   /opt/java/jdk1.8.0_202/jre/lib/amd64/libfontmanager.so
7f55c68cf000-7f55c6929000 r-xp 00000000 08:02 18089813                   /opt/java/jdk1.8.0_202/jre/lib/amd64/libawt_xawt.so
7f55c6929000-7f55c6b29000 ---p 0005a000 08:02 18089813                   /opt/java/jdk1.8.0_202/jre/lib/amd64/libawt_xawt.so
7f55c6b29000-7f55c6b2a000 r--p 0005a000 08:02 18089813                   /opt/java/jdk1.8.0_202/jre/lib/amd64/libawt_xawt.so
7f55c6b2a000-7f55c6b2d000 rw-p 0005b000 08:02 18089813                   /opt/java/jdk1.8.0_202/jre/lib/amd64/libawt_xawt.so
7f55c6b2d000-7f55c6b2f000 rw-p 00000000 00:00 0 
7f55c6b2f000-7f55c6bcf000 r-xp 00000000 08:02 18089800                   /opt/java/jdk1.8.0_202/jre/lib/amd64/libawt.so
7f55c6bcf000-7f55c6dce000 ---p 000a0000 08:02 18089800                   /opt/java/jdk1.8.0_202/jre/lib/amd64/libawt.so
7f55c6dce000-7f55c6dcf000 r--p 0009f000 08:02 18089800                   /opt/java/jdk1.8.0_202/jre/lib/amd64/libawt.so
7f55c6dcf000-7f55c6dda000 rw-p 000a0000 08:02 18089800                   /opt/java/jdk1.8.0_202/jre/lib/amd64/libawt.so
7f55c6dda000-7f55c6fff000 rw-p 00000000 00:00 0 
7f55c6fff000-7f55c8000000 rw-p 00000000 00:00 0 
7f55c8000000-7f55c8049000 rw-p 00000000 00:00 0 
7f55c8049000-7f55cc000000 ---p 00000000 00:00 0 
7f55cc000000-7f55cc021000 rw-p 00000000 00:00 0 
7f55cc021000-7f55d0000000 ---p 00000000 00:00 0 
7f55d0000000-7f55d0053000 rw-p 00000000 00:00 0 
7f55d0053000-7f55d4000000 ---p 00000000 00:00 0 
7f55d4000000-7f55d4021000 rw-p 00000000 00:00 0 
7f55d4021000-7f55d8000000 ---p 00000000 00:00 0 
7f55d8000000-7f55d8021000 rw-p 00000000 00:00 0 
7f55d8021000-7f55dc000000 ---p 00000000 00:00 0 
7f55dc000000-7f55dc021000 rw-p 00000000 00:00 0 
7f55dc021000-7f55e0000000 ---p 00000000 00:00 0 
7f55e0000000-7f55e0021000 rw-p 00000000 00:00 0 
7f55e0021000-7f55e4000000 ---p 00000000 00:00 0 
7f55e4000000-7f55e4021000 rw-p 00000000 00:00 0 
7f55e4021000-7f55e8000000 ---p 00000000 00:00 0 
7f55e8000000-7f55e8021000 rw-p 00000000 00:00 0 
7f55e8021000-7f55ec000000 ---p 00000000 00:00 0 
7f55ec000000-7f55ec02d000 rw-p 00000000 00:00 0 
7f55ec02d000-7f55f0000000 ---p 00000000 00:00 0 
7f55f0000000-7f55f0437000 rw-p 00000000 00:00 0 
7f55f0437000-7f55f4000000 ---p 00000000 00:00 0 
7f55f405e000-7f55f4077000 r--p 00000000 08:02 29890227                   /usr/lib/x86_64-linux-gnu/libX11.so.6.4.0
7f55f4077000-7f55f4103000 r-xp 00019000 08:02 29890227                   /usr/lib/x86_64-linux-gnu/libX11.so.6.4.0
7f55f4103000-7f55f4196000 r--p 000a5000 08:02 29890227                   /usr/lib/x86_64-linux-gnu/libX11.so.6.4.0
7f55f4196000-7f55f4197000 ---p 00138000 08:02 29890227                   /usr/lib/x86_64-linux-gnu/libX11.so.6.4.0
7f55f4197000-7f55f4198000 r--p 00138000 08:02 29890227                   /usr/lib/x86_64-linux-gnu/libX11.so.6.4.0
7f55f4198000-7f55f419c000 rw-p 00139000 08:02 29890227                   /usr/lib/x86_64-linux-gnu/libX11.so.6.4.0
7f55f419c000-7f55f419f000 ---p 00000000 00:00 0 
7f55f419f000-7f55f529d000 rw-p 00000000 00:00 0 
7f55f529d000-7f55f52a0000 ---p 00000000 00:00 0 
7f55f52a0000-7f55f639e000 rw-p 00000000 00:00 0 
7f55f639e000-7f55f63a1000 ---p 00000000 00:00 0 
7f55f63a1000-7f55f669e000 rw-p 00000000 00:00 0 
7f55f669e000-7f55f66a1000 ---p 00000000 00:00 0 
7f55f66a1000-7f55f679e000 rw-p 00000000 00:00 0 
7f55f6868000-7f55f6871000 r-xp 00000000 08:02 18089814                   /opt/java/jdk1.8.0_202/jre/lib/amd64/libmanagement.so
7f55f6871000-7f55f6a70000 ---p 00009000 08:02 18089814                   /opt/java/jdk1.8.0_202/jre/lib/amd64/libmanagement.so
7f55f6a70000-7f55f6a71000 r--p 00008000 08:02 18089814                   /opt/java/jdk1.8.0_202/jre/lib/amd64/libmanagement.so
7f55f6a71000-7f55f6a72000 rw-p 00009000 08:02 18089814                   /opt/java/jdk1.8.0_202/jre/lib/amd64/libmanagement.so
7f55f6a72000-7f55f6a75000 ---p 00000000 00:00 0 
7f55f6a75000-7f55f6b72000 rw-p 00000000 00:00 0 
7f55f6b72000-7f55f6b75000 ---p 00000000 00:00 0 
7f55f6b75000-7f55f6c72000 rw-p 00000000 00:00 0 
7f55f6c72000-7f55f6c75000 ---p 00000000 00:00 0 
7f55f6c75000-7f55f6d72000 rw-p 00000000 00:00 0 
7f55f6d72000-7f55f6d75000 ---p 00000000 00:00 0 
7f55f6d75000-7f55f6e72000 rw-p 00000000 00:00 0 
7f55f6e72000-7f55f6e75000 ---p 00000000 00:00 0 
7f55f6e75000-7f55f6f72000 rw-p 00000000 00:00 0 
7f55f6f72000-7f55f6f75000 ---p 00000000 00:00 0 
7f55f6f75000-7f55f7072000 rw-p 00000000 00:00 0 
7f55f70c2000-7f55f72c2000 rw-p 00000000 00:00 0 
7f55f72c2000-7f55f74c2000 rw-p 00000000 00:00 0 
7f55f74c2000-7f55f74c5000 ---p 00000000 00:00 0 
7f55f74c5000-7f55f77c2000 rw-p 00000000 00:00 0 
7f55f77c2000-7f55f79c2000 rw-p 00000000 00:00 0 
7f55f79c2000-7f55f79fa000 r-xp 00000000 08:02 18089757                   /opt/java/jdk1.8.0_202/jre/lib/amd64/libsunec.so
7f55f79fa000-7f55f7bf9000 ---p 00038000 08:02 18089757                   /opt/java/jdk1.8.0_202/jre/lib/amd64/libsunec.so
7f55f7bf9000-7f55f7bfe000 r--p 00037000 08:02 18089757                   /opt/java/jdk1.8.0_202/jre/lib/amd64/libsunec.so
7f55f7bfe000-7f55f7c00000 rw-p 0003c000 08:02 18089757                   /opt/java/jdk1.8.0_202/jre/lib/amd64/libsunec.so
7f55f7c00000-7f55f7e00000 rw-p 00000000 00:00 0 
7f55f7e00000-7f55f8000000 rw-p 00000000 00:00 0 
7f55f8000000-7f55f8021000 rw-p 00000000 00:00 0 
7f55f8021000-7f55fc000000 ---p 00000000 00:00 0 
7f55fc000000-7f55fc021000 rw-p 00000000 00:00 0 
7f55fc021000-7f5600000000 ---p 00000000 00:00 0 
7f5600000000-7f5600021000 rw-p 00000000 00:00 0 
7f5600021000-7f5604000000 ---p 00000000 00:00 0 
7f5604000000-7f5604021000 rw-p 00000000 00:00 0 
7f5604021000-7f5608000000 ---p 00000000 00:00 0 
7f5608058000-7f5608059000 r--p 00000000 08:02 29890236                   /usr/lib/x86_64-linux-gnu/libXcomposite.so.1.0.0
7f5608059000-7f560805a000 r-xp 00001000 08:02 29890236                   /usr/lib/x86_64-linux-gnu/libXcomposite.so.1.0.0
7f560805a000-7f560805b000 r--p 00002000 08:02 29890236                   /usr/lib/x86_64-linux-gnu/libXcomposite.so.1.0.0
7f560805b000-7f560805c000 r--p 00002000 08:02 29890236                   /usr/lib/x86_64-linux-gnu/libXcomposite.so.1.0.0
7f560805c000-7f560805d000 rw-p 00003000 08:02 29890236                   /usr/lib/x86_64-linux-gnu/libXcomposite.so.1.0.0
7f560805d000-7f560805f000 r--p 00000000 08:02 29890246                   /usr/lib/x86_64-linux-gnu/libXfixes.so.3.1.0
7f560805f000-7f5608062000 r-xp 00002000 08:02 29890246                   /usr/lib/x86_64-linux-gnu/libXfixes.so.3.1.0
7f5608062000-7f5608063000 r--p 00005000 08:02 29890246                   /usr/lib/x86_64-linux-gnu/libXfixes.so.3.1.0
7f5608063000-7f5608064000 r--p 00005000 08:02 29890246                   /usr/lib/x86_64-linux-gnu/libXfixes.so.3.1.0
7f5608064000-7f5608065000 rw-p 00006000 08:02 29890246                   /usr/lib/x86_64-linux-gnu/libXfixes.so.3.1.0
7f5608065000-7f5608067000 r--p 00000000 08:02 29890238                   /usr/lib/x86_64-linux-gnu/libXcursor.so.1.0.2
7f5608067000-7f560806d000 r-xp 00002000 08:02 29890238                   /usr/lib/x86_64-linux-gnu/libXcursor.so.1.0.2
7f560806d000-7f560806f000 r--p 00008000 08:02 29890238                   /usr/lib/x86_64-linux-gnu/libXcursor.so.1.0.2
7f560806f000-7f5608070000 r--p 00009000 08:02 29890238                   /usr/lib/x86_64-linux-gnu/libXcursor.so.1.0.2
7f5608070000-7f5608071000 rw-p 0000a000 08:02 29890238                   /usr/lib/x86_64-linux-gnu/libXcursor.so.1.0.2
7f5608071000-7f5608073000 r--p 00000000 08:02 29891061                   /usr/lib/x86_64-linux-gnu/libmd.so.0.0.4
7f5608073000-7f560807a000 r-xp 00002000 08:02 29891061                   /usr/lib/x86_64-linux-gnu/libmd.so.0.0.4
7f560807a000-7f560807c000 r--p 00009000 08:02 29891061                   /usr/lib/x86_64-linux-gnu/libmd.so.0.0.4
7f560807c000-7f560807d000 r--p 0000a000 08:02 29891061                   /usr/lib/x86_64-linux-gnu/libmd.so.0.0.4
7f560807d000-7f560807e000 rw-p 0000b000 08:02 29891061                   /usr/lib/x86_64-linux-gnu/libmd.so.0.0.4
7f560807e000-7f5608082000 r--p 00000000 08:02 29890400                   /usr/lib/x86_64-linux-gnu/libbsd.so.0.11.3
7f5608082000-7f560808f000 r-xp 00004000 08:02 29890400                   /usr/lib/x86_64-linux-gnu/libbsd.so.0.11.3
7f560808f000-7f5608092000 r--p 00011000 08:02 29890400                   /usr/lib/x86_64-linux-gnu/libbsd.so.0.11.3
7f5608092000-7f5608093000 ---p 00014000 08:02 29890400                   /usr/lib/x86_64-linux-gnu/libbsd.so.0.11.3
7f5608093000-7f5608094000 r--p 00014000 08:02 29890400                   /usr/lib/x86_64-linux-gnu/libbsd.so.0.11.3
7f5608094000-7f5608095000 rw-p 00015000 08:02 29890400                   /usr/lib/x86_64-linux-gnu/libbsd.so.0.11.3
7f5608095000-7f5608096000 rw-p 00000000 00:00 0 
7f5608096000-7f5608098000 r--p 00000000 08:02 29890242                   /usr/lib/x86_64-linux-gnu/libXdmcp.so.6.0.0
7f5608098000-7f560809a000 r-xp 00002000 08:02 29890242                   /usr/lib/x86_64-linux-gnu/libXdmcp.so.6.0.0
7f560809a000-7f560809c000 r--p 00004000 08:02 29890242                   /usr/lib/x86_64-linux-gnu/libXdmcp.so.6.0.0
7f560809c000-7f560809d000 r--p 00005000 08:02 29890242                   /usr/lib/x86_64-linux-gnu/libXdmcp.so.6.0.0
7f560809d000-7f560809e000 rw-p 00006000 08:02 29890242                   /usr/lib/x86_64-linux-gnu/libXdmcp.so.6.0.0
7f560809e000-7f560809f000 r--p 00000000 08:02 29890231                   /usr/lib/x86_64-linux-gnu/libXau.so.6.0.0
7f560809f000-7f56080a1000 r-xp 00001000 08:02 29890231                   /usr/lib/x86_64-linux-gnu/libXau.so.6.0.0
7f56080a1000-7f56080a2000 r--p 00003000 08:02 29890231                   /usr/lib/x86_64-linux-gnu/libXau.so.6.0.0
7f56080a2000-7f56080a3000 r--p 00003000 08:02 29890231                   /usr/lib/x86_64-linux-gnu/libXau.so.6.0.0
7f56080a3000-7f56080a4000 rw-p 00004000 08:02 29890231                   /usr/lib/x86_64-linux-gnu/libXau.so.6.0.0
7f56080a4000-7f56080af000 r--p 00000000 08:02 29891714                   /usr/lib/x86_64-linux-gnu/libxcb.so.1.1.0
7f56080af000-7f56080c3000 r-xp 0000b000 08:02 29891714                   /usr/lib/x86_64-linux-gnu/libxcb.so.1.1.0
7f56080c3000-7f56080cc000 r--p 0001f000 08:02 29891714                   /usr/lib/x86_64-linux-gnu/libxcb.so.1.1.0
7f56080cc000-7f56080cd000 r--p 00027000 08:02 29891714                   /usr/lib/x86_64-linux-gnu/libxcb.so.1.1.0
7f56080cd000-7f56080ce000 rw-p 00028000 08:02 29891714                   /usr/lib/x86_64-linux-gnu/libxcb.so.1.1.0
7f56080ce000-7f56080d0000 r--p 00000000 08:02 29890252                   /usr/lib/x86_64-linux-gnu/libXi.so.6.1.0
7f56080d0000-7f56080db000 r-xp 00002000 08:02 29890252                   /usr/lib/x86_64-linux-gnu/libXi.so.6.1.0
7f56080db000-7f56080de000 r--p 0000d000 08:02 29890252                   /usr/lib/x86_64-linux-gnu/libXi.so.6.1.0
7f56080de000-7f56080df000 r--p 0000f000 08:02 29890252                   /usr/lib/x86_64-linux-gnu/libXi.so.6.1.0
7f56080df000-7f56080e0000 rw-p 00010000 08:02 29890252                   /usr/lib/x86_64-linux-gnu/libXi.so.6.1.0
7f56080e0000-7f56080e2000 r--p 00000000 08:02 29890264                   /usr/lib/x86_64-linux-gnu/libXrender.so.1.3.0
7f56080e2000-7f56080e9000 r-xp 00002000 08:02 29890264                   /usr/lib/x86_64-linux-gnu/libXrender.so.1.3.0
7f56080e9000-7f56080eb000 r--p 00009000 08:02 29890264                   /usr/lib/x86_64-linux-gnu/libXrender.so.1.3.0
7f56080eb000-7f56080ec000 r--p 0000a000 08:02 29890264                   /usr/lib/x86_64-linux-gnu/libXrender.so.1.3.0
7f56080ec000-7f56080ed000 rw-p 0000b000 08:02 29890264                   /usr/lib/x86_64-linux-gnu/libXrender.so.1.3.0
7f56080ed000-7f56082ed000 rw-p 00000000 00:00 0 
7f56082ed000-7f56084ed000 rw-p 00000000 00:00 0 
7f56084ed000-7f56086ed000 rw-p 00000000 00:00 0 
7f56086ed000-7f56088ed000 rw-p 00000000 00:00 0 
7f56088ed000-7f56088fe000 r-xp 00000000 08:02 18089810                   /opt/java/jdk1.8.0_202/jre/lib/amd64/libnio.so
7f56088fe000-7f5608afd000 ---p 00011000 08:02 18089810                   /opt/java/jdk1.8.0_202/jre/lib/amd64/libnio.so
7f5608afd000-7f5608afe000 r--p 00010000 08:02 18089810                   /opt/java/jdk1.8.0_202/jre/lib/amd64/libnio.so
7f5608afe000-7f5608aff000 rw-p 00011000 08:02 18089810                   /opt/java/jdk1.8.0_202/jre/lib/amd64/libnio.so
7f5608aff000-7f5608cff000 rw-p 00000000 00:00 0 
7f5608cff000-7f5608d02000 ---p 00000000 00:00 0 
7f5608d02000-7f5608fff000 rw-p 00000000 00:00 0 
7f5608fff000-7f560c000000 rw-p 00000000 00:00 0 
7f560c000000-7f560ca26000 rw-p 00000000 00:00 0 
7f560ca26000-7f5610000000 ---p 00000000 00:00 0 
7f5610000000-7f5610021000 rw-p 00000000 00:00 0 
7f5610021000-7f5614000000 ---p 00000000 00:00 0 
7f5614000000-7f5615a63000 rw-p 00000000 00:00 0 
7f5615a63000-7f5618000000 ---p 00000000 00:00 0 
7f5618000000-7f56196a6000 rw-p 00000000 00:00 0 
7f56196a6000-7f561c000000 ---p 00000000 00:00 0 
7f561c000000-7f561c021000 rw-p 00000000 00:00 0 
7f561c021000-7f5620000000 ---p 00000000 00:00 0 
7f5620000000-7f5620021000 rw-p 00000000 00:00 0 
7f5620021000-7f5624000000 ---p 00000000 00:00 0 
7f5624000000-7f562405c000 rw-p 00000000 00:00 0 
7f562405c000-7f5628000000 ---p 00000000 00:00 0 
7f5628000000-7f5628021000 rw-p 00000000 00:00 0 
7f5628021000-7f562c000000 ---p 00000000 00:00 0 
7f562c000000-7f562c021000 rw-p 00000000 00:00 0 
7f562c021000-7f5630000000 ---p 00000000 00:00 0 
7f5630000000-7f5630021000 rw-p 00000000 00:00 0 
7f5630021000-7f5634000000 ---p 00000000 00:00 0 
7f5634000000-7f5634021000 rw-p 00000000 00:00 0 
7f5634021000-7f5638000000 ---p 00000000 00:00 0 
7f5638004000-7f5638006000 r--p 00000000 08:02 29890270                   /usr/lib/x86_64-linux-gnu/libXtst.so.6.1.0
7f5638006000-7f5638009000 r-xp 00002000 08:02 29890270                   /usr/lib/x86_64-linux-gnu/libXtst.so.6.1.0
7f5638009000-7f563800a000 r--p 00005000 08:02 29890270                   /usr/lib/x86_64-linux-gnu/libXtst.so.6.1.0
7f563800a000-7f563800b000 r--p 00005000 08:02 29890270                   /usr/lib/x86_64-linux-gnu/libXtst.so.6.1.0
7f563800b000-7f563800c000 rw-p 00006000 08:02 29890270                   /usr/lib/x86_64-linux-gnu/libXtst.so.6.1.0
7f563800c000-7f5638010000 r--p 00000000 08:02 29890244                   /usr/lib/x86_64-linux-gnu/libXext.so.6.4.0
7f5638010000-7f563801b000 r-xp 00004000 08:02 29890244                   /usr/lib/x86_64-linux-gnu/libXext.so.6.4.0
7f563801b000-7f563801f000 r--p 0000f000 08:02 29890244                   /usr/lib/x86_64-linux-gnu/libXext.so.6.4.0
7f563801f000-7f5638020000 r--p 00012000 08:02 29890244                   /usr/lib/x86_64-linux-gnu/libXext.so.6.4.0
7f5638020000-7f5638021000 rw-p 00013000 08:02 29890244                   /usr/lib/x86_64-linux-gnu/libXext.so.6.4.0
7f5638031000-7f563804d000 r--s 00393000 08:02 18089649                   /opt/java/jdk1.8.0_202/jre/lib/ext/cldrdata.jar
7f563804d000-7f5638050000 ---p 00000000 00:00 0 
7f5638050000-7f5638086000 rw-p 00000000 00:00 0 
7f5638086000-7f5638089000 r--p 00000000 08:02 29890704                   /usr/lib/x86_64-linux-gnu/libgcc_s.so.1
7f5638089000-7f563809b000 r-xp 00003000 08:02 29890704                   /usr/lib/x86_64-linux-gnu/libgcc_s.so.1
7f563809b000-7f563809e000 r--p 00015000 08:02 29890704                   /usr/lib/x86_64-linux-gnu/libgcc_s.so.1
7f563809e000-7f563809f000 r--p 00017000 08:02 29890704                   /usr/lib/x86_64-linux-gnu/libgcc_s.so.1
7f563809f000-7f56380a0000 rw-p 00018000 08:02 29890704                   /usr/lib/x86_64-linux-gnu/libgcc_s.so.1
7f56380a1000-7f56380a6000 r--s 002f9000 08:02 18089586                   /opt/java/jdk1.8.0_202/jre/lib/charsets.jar
7f56380a6000-7f56380b0000 r--s 00116000 08:02 18089656                   /opt/java/jdk1.8.0_202/jre/lib/ext/localedata.jar
7f56380b0000-7f56380b3000 ---p 00000000 00:00 0 
7f56380b3000-7f56381b0000 rw-p 00000000 00:00 0 
7f56381b0000-7f56381b3000 ---p 00000000 00:00 0 
7f56381b3000-7f563c000000 rw-p 00000000 00:00 0 
7f563c000000-7f563c058000 rw-p 00000000 00:00 0 
7f563c058000-7f5640000000 ---p 00000000 00:00 0 
7f5640002000-7f5640008000 r--s 0003f000 08:02 18089657                   /opt/java/jdk1.8.0_202/jre/lib/ext/sunjce_provider.jar
7f5640008000-7f564000a000 r--s 00009000 08:02 18089647                   /opt/java/jdk1.8.0_202/jre/lib/ext/sunec.jar
7f564000a000-7f564000e000 r--s 0003a000 08:02 18089654                   /opt/java/jdk1.8.0_202/jre/lib/ext/sunpkcs11.jar
7f564000e000-7f5640011000 r--s 0001a000 08:02 18089822                   /opt/java/jdk1.8.0_202/jre/lib/jce.jar
7f5640011000-7f5640015000 r--s 000a1000 08:02 18089645                   /opt/java/jdk1.8.0_202/jre/lib/jsse.jar
7f5640015000-7f5640028000 r--s 00345000 08:02 18089626                   /opt/java/jdk1.8.0_202/jre/lib/resources.jar
7f5640028000-7f564003e000 r-xp 00000000 08:02 18089807                   /opt/java/jdk1.8.0_202/jre/lib/amd64/libnet.so
7f564003e000-7f564023e000 ---p 00016000 08:02 18089807                   /opt/java/jdk1.8.0_202/jre/lib/amd64/libnet.so
7f564023e000-7f564023f000 r--p 00016000 08:02 18089807                   /opt/java/jdk1.8.0_202/jre/lib/amd64/libnet.so
7f564023f000-7f5640240000 rw-p 00017000 08:02 18089807                   /opt/java/jdk1.8.0_202/jre/lib/amd64/libnet.so
7f5640240000-7f5640245000 r--s 00038000 08:02 20316887                   /home/dominic/.m2/repository/commons-beanutils/commons-beanutils/1.9.4/commons-beanutils-1.9.4.jar
7f5640245000-7f5640249000 r--s 00031000 08:02 18091264                   /home/dominic/.m2/repository/org/apache/commons/commons-text/1.9/commons-text-1.9.jar
7f5640249000-7f564024e000 r--s 00035000 08:02 19924261                   /home/dominic/.m2/repository/com/opencsv/opencsv/5.5.2/opencsv-5.5.2.jar
7f564024e000-7f5640250000 r--s 0000e000 08:02 18220476                   /home/dominic/.m2/repository/commons-logging/commons-logging/1.2/commons-logging-1.2.jar
7f5640250000-7f5640257000 r--s 00178000 08:02 20709412                   /home/dominic/.m2/repository/org/apache/pdfbox/fontbox/2.0.25/fontbox-2.0.25.jar
7f5640257000-7f564026f000 r--s 0028c000 08:02 20709413                   /home/dominic/.m2/repository/org/apache/pdfbox/pdfbox/2.0.25/pdfbox-2.0.25.jar
7f564026f000-7f5640274000 r--s 0004a000 08:02 18219065                   /home/dominic/.m2/repository/com/github/stephenc/monte/monte-screen-recorder/0.7.7.0/monte-screen-recorder-0.7.7.0.jar
7f5640274000-7f564028b000 r--s 000fe000 08:02 19139898                   /home/dominic/.m2/repository/com/sun/xml/bind/jaxb-impl/2.3.3/jaxb-impl-2.3.3.jar
7f564028b000-7f564028d000 r--s 0000a000 08:02 17958651                   /home/dominic/.m2/repository/jakarta/activation/jakarta.activation-api/1.2.2/jakarta.activation-api-1.2.2.jar
7f564028d000-7f5640291000 r--s 00019000 08:02 17958649                   /home/dominic/.m2/repository/jakarta/xml/bind/jakarta.xml.bind-api/2.3.3/jakarta.xml.bind-api-2.3.3.jar
7f5640291000-7f5640293000 r--s 00011000 08:02 18219063                   /home/dominic/.m2/repository/io/rest-assured/xml-path/4.4.0/xml-path-4.4.0.jar
7f5640293000-7f5640295000 r--s 00009000 08:02 18219061                   /home/dominic/.m2/repository/io/rest-assured/rest-assured-common/4.4.0/rest-assured-common-4.4.0.jar
7f5640295000-7f5640298000 r--s 0001e000 08:02 17958647                   /home/dominic/.m2/repository/org/codehaus/groovy/groovy-json/3.0.8/groovy-json-3.0.8.jar
7f5640298000-7f564029b000 r--s 0000e000 08:02 18219059                   /home/dominic/.m2/repository/io/rest-assured/json-path/4.4.0/json-path-4.4.0.jar
7f564029b000-7f564029d000 r--s 00015000 08:02 17958645                   /home/dominic/.m2/repository/org/ccil/cowan/tagsoup/tagsoup/1.2.1/tagsoup-1.2.1.jar
7f564029d000-7f56402a1000 r--s 0001b000 08:02 18219057                   /home/dominic/.m2/repository/org/hamcrest/hamcrest/2.1/hamcrest-2.1.jar
7f56402a1000-7f56402a3000 r--s 00009000 08:02 20709392                   /home/dominic/.m2/repository/org/apache/httpcomponents/httpmime/4.5.13/httpmime-4.5.13.jar
7f56402a3000-7f56402a8000 r--s 00043000 08:02 17958644                   /home/dominic/.m2/repository/org/codehaus/groovy/groovy-xml/3.0.8/groovy-xml-3.0.8.jar
7f56402a8000-7f564031f000 r--s 00728000 08:02 17958643                   /home/dominic/.m2/repository/org/codehaus/groovy/groovy/3.0.8/groovy-3.0.8.jar
7f564031f000-7f564032a000 r--s 000a0000 08:02 18219056                   /home/dominic/.m2/repository/io/rest-assured/rest-assured/4.4.0/rest-assured-4.4.0.jar
7f564032a000-7f564032b000 r--s 00003000 08:02 20318122                   /home/dominic/.m2/repository/com/github/2gis/winium/winium-webdriver/0.1.0-1/winium-webdriver-0.1.0-1.jar
7f564032b000-7f5640334000 r--s 00055000 08:02 18351758                   /home/dominic/.m2/repository/junit/junit/4.13.2/junit-4.13.2.jar
7f5640334000-7f5640336000 r--s 00009000 08:02 20316669                   /home/dominic/.m2/repository/io/cucumber/cucumber-junit/7.0.0/cucumber-junit-7.0.0.jar
7f5640336000-7f564034f000 r--s 001e5000 08:02 18484449                   /home/dominic/.m2/repository/org/aspectj/aspectjweaver/1.9.7/aspectjweaver-1.9.7.jar
7f564034f000-7f5640354000 r--s 00042000 08:02 18484439                   /home/dominic/.m2/repository/org/springframework/spring-expression/5.3.10/spring-expression-5.3.10.jar
7f5640354000-7f5640355000 r--s 00005000 08:02 18484453                   /home/dominic/.m2/repository/org/springframework/spring-jcl/5.3.10/spring-jcl-5.3.10.jar
7f5640355000-7f5640371000 r--s 0014e000 08:02 18484452                   /home/dominic/.m2/repository/org/springframework/spring-core/5.3.10/spring-core-5.3.10.jar
7f5640371000-7f564037e000 r--s 0009e000 08:02 18351888                   /home/dominic/.m2/repository/org/springframework/spring-beans/5.3.10/spring-beans-5.3.10.jar
7f564037e000-7f5640387000 r--s 00055000 08:02 18351887                   /home/dominic/.m2/repository/org/springframework/spring-aop/5.3.10/spring-aop-5.3.10.jar
7f5640387000-7f56403a3000 r--s 0011a000 08:02 18351874                   /home/dominic/.m2/repository/org/springframework/spring-context/5.3.10/spring-context-5.3.10.jar
7f56403a3000-7f56403b0000 r--s 00083000 08:02 18220534                   /home/dominic/.m2/repository/commons-collections/commons-collections/3.2.2/commons-collections-3.2.2.jar
7f56403b0000-7f56403b6000 r--s 0002b000 08:02 20316896                   /home/dominic/.m2/repository/commons-digester/commons-digester/2.1/commons-digester-2.1.jar
7f56403b6000-7f56403ba000 r--s 0002b000 08:02 20316900                   /home/dominic/.m2/repository/commons-validator/commons-validator/1.7/commons-validator-1.7.jar
7f56403ba000-7f56403bc000 r--s 0001b000 08:02 18220526                   /home/dominic/.m2/repository/org/ow2/asm/asm/7.1/asm-7.1.jar
7f56403bc000-7f56403c2000 r--s 00045000 08:02 18220895                   /home/dominic/.m2/repository/cglib/cglib/3.3.0/cglib-3.3.0.jar
7f56403c2000-7f56403ca000 r--s 00049000 08:02 20316890                   /home/dominic/.m2/repository/org/apache/httpcomponents/httpcore/4.4.13/httpcore-4.4.13.jar
7f56403ca000-7f56403d7000 r--s 000b2000 08:02 20187995                   /home/dominic/.m2/repository/org/apache/httpcomponents/httpclient/4.5.13/httpclient-4.5.13.jar
7f56403d7000-7f56403e1000 r--s 00057000 08:02 18220889                   /home/dominic/.m2/repository/io/appium/java-client/7.6.0/java-client-7.6.0.jar
7f56403e1000-7f56403e2000 r--s 00004000 08:02 20187504                   /home/dominic/.m2/repository/io/cucumber/cucumber-testng/7.0.0/cucumber-testng-7.0.0.jar
7f56403e2000-7f56403e4000 r--s 0000a000 08:02 20187480                   /home/dominic/.m2/repository/io/cucumber/create-meta/6.0.1/create-meta-6.0.1.jar
7f56403e4000-7f56403e6000 r--s 00069000 08:02 20187485                   /home/dominic/.m2/repository/io/cucumber/html-formatter/17.0.0/html-formatter-17.0.0.jar
7f56403e6000-7f56403e7000 r--s 00002000 08:02 20187482                   /home/dominic/.m2/repository/io/cucumber/docstring/7.0.0/docstring-7.0.0.jar
7f56403e7000-7f56403ea000 r--s 00006000 08:02 19531602                   /home/dominic/.m2/repository/io/cucumber/cucumber-plugin/7.0.0/cucumber-plugin-7.0.0.jar
7f56403ea000-7f56403ed000 r--s 00018000 08:02 20187479                   /home/dominic/.m2/repository/io/cucumber/datatable/7.0.0/datatable-7.0.0.jar
7f56403ed000-7f56403ef000 r--s 00011000 08:02 20187474                   /home/dominic/.m2/repository/io/cucumber/cucumber-expressions/13.0.1/cucumber-expressions-13.0.1.jar
7f56403ef000-7f56403f1000 r--s 00002000 08:02 20187478                   /home/dominic/.m2/repository/io/cucumber/tag-expressions/4.0.2/tag-expressions-4.0.2.jar
7f56403f1000-7f5640414000 r--s 001e5000 08:02 20187484                   /home/dominic/.m2/repository/io/cucumber/messages/17.1.1/messages-17.1.1.jar
7f5640414000-7f5640419000 r--s 00025000 08:02 19924335                   /home/dominic/.m2/repository/io/cucumber/cucumber-gherkin-messages/7.0.0/cucumber-gherkin-messages-7.0.0.jar
7f5640419000-7f564041a000 r--s 00001000 08:02 19268080                   /home/dominic/.m2/repository/io/cucumber/cucumber-gherkin/7.0.0/cucumber-gherkin-7.0.0.jar
7f564041a000-7f5640424000 r--s 000a1000 08:02 19268076                   /home/dominic/.m2/repository/io/cucumber/cucumber-core/7.0.0/cucumber-core-7.0.0.jar
7f5640424000-7f5640425000 r--s 00001000 08:02 17566812                   /home/dominic/.m2/repository/org/apiguardian/apiguardian-api/1.1.2/apiguardian-api-1.1.2.jar
7f5640425000-7f5640440000 r--s 0008c000 08:02 18351740                   /home/dominic/.m2/repository/io/cucumber/cucumber-java/7.0.0/cucumber-java-7.0.0.jar
7f5640440000-7f5640441000 r--s 0004c000 08:02 15075060                   /home/dominic/.m2/repository/org/webjars/jquery/3.5.1/jquery-3.5.1.jar
7f5640441000-7f5640444000 r--s 00012000 08:02 20186471                   /home/dominic/.m2/repository/com/beust/jcommander/1.78/jcommander-1.78.jar
7f5640444000-7f5640451000 r--s 000d6000 08:02 20186469                   /home/dominic/.m2/repository/org/testng/testng/7.4.0/testng-7.4.0.jar
7f5640451000-7f5640469000 r--s 0019f000 08:02 18220520                   /home/dominic/.m2/repository/org/projectlombok/lombok/1.18.12/lombok-1.18.12.jar
7f5640469000-7f5640487000 r--s 00182000 08:02 18220518                   /home/dominic/.m2/repository/org/freemarker/freemarker/2.3.30/freemarker-2.3.30.jar
7f5640487000-7f5640488000 r--s 00002000 08:02 18220516                   /home/dominic/.m2/repository/org/reactivestreams/reactive-streams/1.0.3/reactive-streams-1.0.3.jar
7f5640488000-7f56404c0000 r--s 0024c000 08:02 18220515                   /home/dominic/.m2/repository/io/reactivex/rxjava3/rxjava/3.0.4/rxjava-3.0.4.jar
7f56404c0000-7f56404c8000 r--s 000ef000 08:02 18220869                   /home/dominic/.m2/repository/com/aventstack/extentreports/5.0.9/extentreports-5.0.9.jar
7f56404c8000-7f56404ca000 r--s 00009000 08:02 18220494                   /home/dominic/.m2/repository/org/hamcrest/hamcrest-core/1.3/hamcrest-core-1.3.jar
7f56404ca000-7f56404cd000 r--s 0000b000 08:02 16516121                   /home/dominic/.m2/repository/ru/yandex/qatools/ashot/ashot/1.5.4/ashot-1.5.4.jar
7f56404cd000-7f56404d1000 r--s 00018000 08:02 18220448                   /home/dominic/.m2/repository/com/github/virtuald/curvesapi/1.06/curvesapi-1.06.jar
7f56404d1000-7f56404e2000 r--s 000e8000 08:02 20186791                   /home/dominic/.m2/repository/org/apache/commons/commons-compress/1.21/commons-compress-1.21.jar
7f56404e2000-7f5640513000 r--s 001e6000 08:02 20187358                   /home/dominic/.m2/repository/org/apache/xmlbeans/xmlbeans/5.0.2/xmlbeans-5.0.2.jar
7f5640513000-7f564058b000 r--s 0050b000 08:02 20187352                   /home/dominic/.m2/repository/org/apache/poi/poi-ooxml-lite/5.1.0/poi-ooxml-lite-5.1.0.jar
7f564058b000-7f56405a3000 r--s 001c1000 08:02 20187351                   /home/dominic/.m2/repository/org/apache/poi/poi-ooxml/5.1.0/poi-ooxml-5.1.0.jar
7f56405a3000-7f56405a9000 r--s 00044000 08:02 15075085                   /home/dominic/.m2/repository/org/apache/logging/log4j/log4j-api/2.14.1/log4j-api-2.14.1.jar
7f56405a9000-7f56405aa000 r--s 00005000 08:02 18220438                   /home/dominic/.m2/repository/com/zaxxer/SparseBitSet/1.2/SparseBitSet-1.2.jar
7f56405aa000-7f56405b0000 r--s 0004a000 08:02 15598710                   /home/dominic/.m2/repository/commons-io/commons-io/2.11.0/commons-io-2.11.0.jar
7f56405b0000-7f56405d7000 r--s 001f6000 08:02 18220440                   /home/dominic/.m2/repository/org/apache/commons/commons-math3/3.6.1/commons-math3-3.6.1.jar
7f56405d7000-7f56405e7000 r--s 000a8000 08:02 18220437                   /home/dominic/.m2/repository/org/apache/commons/commons-collections4/4.4/commons-collections4-4.4.jar
7f56405e7000-7f56405ee000 r--s 00050000 08:02 20186544                   /home/dominic/.m2/repository/commons-codec/commons-codec/1.15/commons-codec-1.15.jar
7f56405ee000-7f5640618000 r--s 0029d000 08:02 20186543                   /home/dominic/.m2/repository/org/apache/poi/poi/5.1.0/poi-5.1.0.jar
7f5640618000-7f5640622000 r--s 00086000 08:02 18616555                   /home/dominic/.m2/repository/org/apache/commons/commons-lang3/3.12.0/commons-lang3-3.12.0.jar
7f5640622000-7f5640623000 r--s 00017000 08:02 15075132                   /home/dominic/.m2/repository/org/brotli/dec/0.1.2/dec-0.1.2.jar
7f5640623000-7f5640628000 r--s 001a2000 08:02 15861242                   /home/dominic/.m2/repository/net/java/dev/jna/jna/5.8.0/jna-5.8.0.jar
7f5640628000-7f5640639000 r--s 000b5000 08:02 20186803                   /home/dominic/.m2/repository/org/apache/httpcomponents/core5/httpcore5/5.0.2/httpcore5-5.0.2.jar
7f5640639000-7f5640648000 r--s 000af000 08:02 20186785                   /home/dominic/.m2/repository/org/apache/httpcomponents/client5/httpclient5/5.0.3/httpclient5-5.0.3.jar
7f5640648000-7f564064a000 r--s 00008000 08:02 20185265                   /home/dominic/.m2/repository/com/github/docker-java/docker-java-transport/3.2.13/docker-java-transport-3.2.13.jar
7f564064a000-7f564064c000 r--s 00003000 08:02 20185269                   /home/dominic/.m2/repository/com/github/docker-java/docker-java-transport-httpclient5/3.2.13/docker-java-transport-httpclient5-3.2.13.jar
7f564064c000-7f564064e000 r--s 00003000 08:02 20186753                   /home/dominic/.m2/repository/org/slf4j/jcl-over-slf4j/1.7.30/jcl-over-slf4j-1.7.30.jar
7f564064e000-7f56406af000 r--s 0042c000 08:02 15075161                   /home/dominic/.m2/repository/org/bouncycastle/bcprov-jdk15on/1.64/bcprov-jdk15on-1.64.jar
7f56406af000-7f56406c3000 r--s 000c3000 08:02 15075157                   /home/dominic/.m2/repository/org/bouncycastle/bcpkix-jdk15on/1.64/bcpkix-jdk15on-1.64.jar
7f56406c3000-7f56406c8000 r--s 00051000 08:02 20186827                   /home/dominic/.m2/repository/com/fasterxml/jackson/core/jackson-core/2.10.3/jackson-core-2.10.3.jar
7f56406c8000-7f56406dd000 r--s 00142000 08:02 20186816                   /home/dominic/.m2/repository/com/fasterxml/jackson/core/jackson-databind/2.10.3/jackson-databind-2.10.3.jar
7f56406dd000-7f56406e0000 r--s 0000e000 08:02 20186794                   /home/dominic/.m2/repository/com/fasterxml/jackson/core/jackson-annotations/2.10.3/jackson-annotations-2.10.3.jar
7f56406e0000-7f56406ea000 r--s 00068000 08:02 20185257                   /home/dominic/.m2/repository/com/github/docker-java/docker-java-api/3.2.13/docker-java-api-3.2.13.jar
7f56406ea000-7f56406f2000 r--s 00051000 08:02 20185264                   /home/dominic/.m2/repository/com/github/docker-java/docker-java-core/3.2.13/docker-java-core-3.2.13.jar
7f56406f2000-7f56406f4000 r--s 00000000 08:02 20185263                   /home/dominic/.m2/repository/com/github/docker-java/docker-java/3.2.13/docker-java-3.2.13.jar
7f56406f4000-7f56406fa000 r--s 00037000 08:02 18220945                   /home/dominic/.m2/repository/com/google/code/gson/gson/2.9.0/gson-2.9.0.jar
7f56406fa000-7f56406fc000 r--s 00009000 08:02 18220944                   /home/dominic/.m2/repository/org/slf4j/slf4j-api/1.7.36/slf4j-api-1.7.36.jar
7f56406fc000-7f56406ff000 r--s 00025000 08:02 20185262                   /home/dominic/.m2/repository/io/github/bonigarcia/webdrivermanager/5.1.0/webdrivermanager-5.1.0.jar
7f56406ff000-7f5640704000 r--s 0002c000 08:02 20186455                   /home/dominic/.m2/repository/org/seleniumhq/selenium/selenium-support/4.0.0/selenium-support-4.0.0.jar
7f5640704000-7f5640706000 r--s 00005000 08:02 20186470                   /home/dominic/.m2/repository/org/seleniumhq/selenium/selenium-safari-driver/4.0.0/selenium-safari-driver-4.0.0.jar
7f5640706000-7f5640708000 r--s 0000c000 08:02 20186451                   /home/dominic/.m2/repository/org/seleniumhq/selenium/selenium-http/4.0.0/selenium-http-4.0.0.jar
7f5640708000-7f564070a000 r--s 0000f000 08:02 19531588                   /home/dominic/.m2/repository/com/sun/activation/jakarta.activation/1.2.2/jakarta.activation-1.2.2.jar
7f564070a000-7f564070c000 r--s 00004000 08:02 20186465                   /home/dominic/.m2/repository/com/typesafe/netty/netty-reactive-streams/2.0.4/netty-reactive-streams-2.0.4.jar
7f564070c000-7f564070e000 r--s 0001a000 08:02 20186462                   /home/dominic/.m2/repository/io/netty/netty-transport-native-kqueue/4.1.60.Final/netty-transport-native-kqueue-4.1.60.Final-osx-x86_64.jar
7f564070e000-7f5640711000 r--s 00024000 08:02 20186459                   /home/dominic/.m2/repository/io/netty/netty-transport-native-epoll/4.1.60.Final/netty-transport-native-epoll-4.1.60.Final-linux-x86_64.jar
7f5640711000-7f5640712000 r--s 00005000 08:02 20186463                   /home/dominic/.m2/repository/io/netty/netty-handler-proxy/4.1.60.Final/netty-handler-proxy-4.1.60.Final.jar
7f5640712000-7f5640717000 r--s 00019000 08:02 20186457                   /home/dominic/.m2/repository/io/netty/netty-codec-socks/4.1.60.Final/netty-codec-socks-4.1.60.Final.jar
7f5640717000-7f5640718000 r--s 00002000 08:02 15075058                   /home/dominic/.m2/repository/org/asynchttpclient/async-http-client-netty-utils/2.12.3/async-http-client-netty-utils-2.12.3.jar
7f5640718000-7f5640721000 r--s 00066000 08:02 15075057                   /home/dominic/.m2/repository/org/asynchttpclient/async-http-client/2.12.3/async-http-client-2.12.3.jar
7f5640721000-7f5640723000 r--s 0000c000 08:02 18220474                   /home/dominic/.m2/repository/org/apache/commons/commons-exec/1.3/commons-exec-1.3.jar
7f5640723000-7f5640771000 r--s 00336000 08:02 18220857                   /home/dominic/.m2/repository/net/bytebuddy/byte-buddy/1.11.19/byte-buddy-1.11.19.jar
7f5640771000-7f5640773000 r--s 00005000 08:02 20186427                   /home/dominic/.m2/repository/io/ous/jtoml/2.0.0/jtoml-2.0.0.jar
7f5640773000-7f5640775000 r--s 00005000 08:02 20186503                   /home/dominic/.m2/repository/io/opentelemetry/opentelemetry-semconv/1.6.0-alpha/opentelemetry-semconv-1.6.0-alpha.jar
7f5640775000-7f5640776000 r--s 00000000 08:02 20186442                   /home/dominic/.m2/repository/io/opentelemetry/opentelemetry-sdk/1.6.0/opentelemetry-sdk-1.6.0.jar
7f5640776000-7f5640778000 r--s 00006000 08:02 20186449                   /home/dominic/.m2/repository/io/opentelemetry/opentelemetry-api-metrics/1.6.0-alpha/opentelemetry-api-metrics-1.6.0-alpha.jar
7f5640778000-7f564077c000 r--s 00017000 08:02 20186508                   /home/dominic/.m2/repository/io/opentelemetry/opentelemetry-sdk-trace/1.6.0/opentelemetry-sdk-trace-1.6.0.jar
7f564077c000-7f564077d000 r--s 00007000 08:02 20186506                   /home/dominic/.m2/repository/io/opentelemetry/opentelemetry-sdk-extension-autoconfigure/1.6.0-alpha/opentelemetry-sdk-extension-autoconfigure-1.6.0-alpha.jar
7f564077d000-7f564077f000 r--s 00000000 08:02 20186441                   /home/dominic/.m2/repository/io/opentelemetry/opentelemetry-sdk-extension-autoconfigure-spi/1.6.0/opentelemetry-sdk-extension-autoconfigure-spi-1.6.0.jar
7f564077f000-7f5640781000 r--s 00004000 08:02 20186406                   /home/dominic/.m2/repository/io/opentelemetry/opentelemetry-sdk-common/1.6.0/opentelemetry-sdk-common-1.6.0.jar
7f5640781000-7f5640788000 r--s 0002a000 08:02 20186499                   /home/dominic/.m2/repository/io/opentelemetry/opentelemetry-sdk-metrics/1.6.0-alpha/opentelemetry-sdk-metrics-1.6.0-alpha.jar
7f5640788000-7f564078a000 r--s 00000000 08:02 20186429                   /home/dominic/.m2/repository/io/opentelemetry/opentelemetry-exporter-logging/1.6.0/opentelemetry-exporter-logging-1.6.0.jar
7f564078a000-7f564078c000 r--s 00009000 08:02 20186497                   /home/dominic/.m2/repository/io/opentelemetry/opentelemetry-context/1.6.0/opentelemetry-context-1.6.0.jar
7f564078c000-7f564078e000 r--s 00012000 08:02 20186435                   /home/dominic/.m2/repository/io/opentelemetry/opentelemetry-api/1.6.0/opentelemetry-api-1.6.0.jar
7f564078e000-7f5640790000 r--s 00008000 08:02 20186452                   /home/dominic/.m2/repository/io/netty/netty-resolver/4.1.68.Final/netty-resolver-4.1.68.Final.jar
7f5640790000-7f564079a000 r--s 0006b000 08:02 20186494                   /home/dominic/.m2/repository/io/netty/netty-transport/4.1.68.Final/netty-transport-4.1.68.Final.jar
7f564079a000-7f564079c000 r--s 00008000 08:02 19139954                   /home/dominic/.m2/repository/io/netty/netty-transport-native-unix-common/4.1.67.Final/netty-transport-native-unix-common-4.1.67.Final.jar
7f564079c000-7f564079f000 r--s 00018000 08:02 20186428                   /home/dominic/.m2/repository/io/netty/netty-transport-native-kqueue/4.1.67.Final/netty-transport-native-kqueue-4.1.67.Final.jar
7f564079f000-7f56407a2000 r--s 00020000 08:02 19139952                   /home/dominic/.m2/repository/io/netty/netty-transport-native-epoll/4.1.67.Final/netty-transport-native-epoll-4.1.67.Final.jar
7f56407a2000-7f56407b0000 r--s 00092000 08:02 18746481                   /home/dominic/.m2/repository/io/netty/netty-common/4.1.68.Final/netty-common-4.1.68.Final.jar
7f56407b0000-7f56407ba000 r--s 00077000 08:02 19139950                   /home/dominic/.m2/repository/io/netty/netty-handler/4.1.67.Final/netty-handler-4.1.67.Final.jar
7f56407ba000-7f56407c0000 r--s 0004c000 08:02 19007432                   /home/dominic/.m2/repository/io/netty/netty-codec/4.1.67.Final/netty-codec-4.1.67.Final.jar
7f56407c0000-7f56407cb000 r--s 00090000 08:02 18876762                   /home/dominic/.m2/repository/io/netty/netty-codec-http/4.1.67.Final/netty-codec-http-4.1.67.Final.jar
7f56407cb000-7f56407cf000 r--s 00046000 08:02 18746482                   /home/dominic/.m2/repository/io/netty/netty-buffer/4.1.68.Final/netty-buffer-4.1.68.Final.jar
7f56407cf000-7f56407d7000 r--s 00068000 08:02 18616527                   /home/dominic/.m2/repository/org/seleniumhq/selenium/selenium-remote-driver/4.0.0/selenium-remote-driver-4.0.0.jar
7f56407d7000-7f56407d8000 r--s 00002000 08:02 20186419                   /home/dominic/.m2/repository/org/seleniumhq/selenium/selenium-opera-driver/4.0.0/selenium-opera-driver-4.0.0.jar
7f56407d8000-7f56407da000 r--s 00003000 08:02 20186400                   /home/dominic/.m2/repository/org/seleniumhq/selenium/selenium-ie-driver/4.0.0/selenium-ie-driver-4.0.0.jar
7f56407da000-7f56407dc000 r--s 000b7000 08:02 20186420                   /home/dominic/.m2/repository/org/seleniumhq/selenium/selenium-firefox-xpi-driver/4.0.0/selenium-firefox-xpi-driver-4.0.0.jar
7f56407dc000-7f56407df000 r--s 00012000 08:02 20186384                   /home/dominic/.m2/repository/org/seleniumhq/selenium/selenium-firefox-driver/4.0.0/selenium-firefox-driver-4.0.0.jar
7f56407df000-7f56407fc000 r--s 00130000 08:02 20186407                   /home/dominic/.m2/repository/org/seleniumhq/selenium/selenium-devtools-v95/4.0.0/selenium-devtools-v95-4.0.0.jar
7f56407fc000-7f5640818000 r--s 0012f000 08:02 20186404                   /home/dominic/.m2/repository/org/seleniumhq/selenium/selenium-devtools-v94/4.0.0/selenium-devtools-v94-4.0.0.jar
7f5640818000-7f5640835000 r--s 0012e000 08:02 20186401                   /home/dominic/.m2/repository/org/seleniumhq/selenium/selenium-devtools-v93/4.0.0/selenium-devtools-v93-4.0.0.jar
7f5640835000-7f564084e000 r--s 000fd000 08:02 20186416                   /home/dominic/.m2/repository/org/seleniumhq/selenium/selenium-devtools-v85/4.0.0/selenium-devtools-v85-4.0.0.jar
7f564084e000-7f5640859000 r--s 00028000 08:02 18484402                   /home/dominic/.m2/repository/org/checkerframework/checker-qual/3.12.0/checker-qual-3.12.0.jar
7f5640859000-7f564088e000 r--s 002a2000 08:02 18484400                   /home/dominic/.m2/repository/com/google/guava/guava/31.0.1-jre/guava-31.0.1-jre.jar
7f564088e000-7f564088f000 ---p 00000000 00:00 0 
7f564088f000-7f564098f000 rw-p 00000000 00:00 0 
7f564098f000-7f5640992000 ---p 00000000 00:00 0 
7f5640992000-7f5640a8f000 rw-p 00000000 00:00 0 
7f5640a8f000-7f5641000000 r--p 00000000 08:02 29887091                   /usr/lib/locale/locale-archive
7f5641000000-7f56418b0000 rwxp 00000000 00:00 0 
7f56418b0000-7f5650000000 ---p 00000000 00:00 0 
7f5650000000-7f5652344000 rw-p 00000000 00:00 0 
7f5652344000-7f5654000000 ---p 00000000 00:00 0 
7f5654000000-7f5654002000 r--s 00002000 08:02 20186395                   /home/dominic/.m2/repository/org/seleniumhq/selenium/selenium-edge-driver/4.0.0/selenium-edge-driver-4.0.0.jar
7f5654002000-7f5654004000 r--s 0000f000 08:02 18616523                   /home/dominic/.m2/repository/org/seleniumhq/selenium/selenium-json/4.0.0/selenium-json-4.0.0.jar
7f5654004000-7f5654006000 r--s 00006000 08:02 18616520                   /home/dominic/.m2/repository/org/seleniumhq/selenium/selenium-chromium-driver/4.0.0/selenium-chromium-driver-4.0.0.jar
7f5654006000-7f5654008000 r--s 00001000 08:02 18351524                   /home/dominic/.m2/repository/com/google/j2objc/j2objc-annotations/1.3/j2objc-annotations-1.3.jar
7f5654008000-7f565400a000 r--s 00002000 08:02 18484406                   /home/dominic/.m2/repository/com/google/errorprone/error_prone_annotations/2.7.1/error_prone_annotations-2.7.1.jar
7f565400a000-7f565400c000 r--s 00003000 08:02 18351509                   /home/dominic/.m2/repository/com/google/code/findbugs/jsr305/3.0.2/jsr305-3.0.2.jar
7f565400c000-7f565400e000 r--s 00000000 08:02 18351515                   /home/dominic/.m2/repository/com/google/guava/failureaccess/1.0.1/failureaccess-1.0.1.jar
7f565400e000-7f5654011000 r--s 00016000 08:02 18351519                   /home/dominic/.m2/repository/com/google/auto/auto-common/1.0/auto-common-1.0.jar
7f5654011000-7f5654018000 r--s 00036000 08:02 18351514                   /home/dominic/.m2/repository/org/seleniumhq/selenium/selenium-api/4.0.0/selenium-api-4.0.0.jar
7f5654018000-7f5654033000 r--s 00242000 08:02 14814602                   /home/dominic/eclipse-workspace/Customized-Testing-Framework/mysql-connector-java-8.0.27.jar
7f5654033000-7f5654041000 r--s 000d8000 08:02 18353962                   /home/dominic/Downloads/eclipse/plugins/org.testng_7.4.0.r202105021533.jar
7f5654041000-7f5654049000 r--s 00048000 08:02 19269929                   /home/dominic/Downloads/eclipse/configuration/org.eclipse.osgi/435/0/.cp/lib/testng-remote.jar
7f5654049000-7f565404a000 ---p 00000000 00:00 0 
7f565404a000-7f565404d000 ---p 00000000 00:00 0 
7f565404d000-7f565414a000 rw-p 00000000 00:00 0 
7f565414a000-7f565414b000 ---p 00000000 00:00 0 
7f565414b000-7f565414e000 ---p 00000000 00:00 0 
7f565414e000-7f565424b000 rw-p 00000000 00:00 0 
7f565424b000-7f565424c000 ---p 00000000 00:00 0 
7f565424c000-7f565424f000 ---p 00000000 00:00 0 
7f565424f000-7f565434c000 rw-p 00000000 00:00 0 
7f565434c000-7f565434f000 ---p 00000000 00:00 0 
7f565434f000-7f565444c000 rw-p 00000000 00:00 0 
7f565444c000-7f565444f000 ---p 00000000 00:00 0 
7f565444f000-7f565454c000 rw-p 00000000 00:00 0 
7f565454c000-7f565454f000 ---p 00000000 00:00 0 
7f565454f000-7f565464c000 rw-p 00000000 00:00 0 
7f565464c000-7f565464d000 ---p 00000000 00:00 0 
7f565464d000-7f5655750000 rw-p 00000000 00:00 0 
7f5655750000-7f565592a000 r--s 03d6a000 08:02 18089588                   /opt/java/jdk1.8.0_202/jre/lib/rt.jar
7f565592a000-7f565661f000 rw-p 00000000 00:00 0 
7f565661f000-7f5656620000 ---p 00000000 00:00 0 
7f5656620000-7f5656720000 rw-p 00000000 00:00 0 
7f5656720000-7f5656721000 ---p 00000000 00:00 0 
7f5656721000-7f5656821000 rw-p 00000000 00:00 0 
7f5656821000-7f5656822000 ---p 00000000 00:00 0 
7f5656822000-7f5656922000 rw-p 00000000 00:00 0 
7f5656922000-7f5656923000 ---p 00000000 00:00 0 
7f5656923000-7f5656a4f000 rw-p 00000000 00:00 0 
7f5656a4f000-7f5656cb1000 ---p 00000000 00:00 0 
7f5656cb1000-7f5656cdd000 rw-p 00000000 00:00 0 
7f5656cdd000-7f5656f3f000 ---p 00000000 00:00 0 
7f5656f3f000-7f5656f90000 rw-p 00000000 00:00 0 
7f5656f90000-7f5657086000 ---p 00000000 00:00 0 
7f5657086000-7f56570aa000 rw-p 00000000 00:00 0 
7f56570aa000-7f5657447000 ---p 00000000 00:00 0 
7f5657447000-7f5657462000 r-xp 00000000 08:02 18089803                   /opt/java/jdk1.8.0_202/jre/lib/amd64/libzip.so
7f5657462000-7f5657661000 ---p 0001b000 08:02 18089803                   /opt/java/jdk1.8.0_202/jre/lib/amd64/libzip.so
7f5657661000-7f5657662000 r--p 0001a000 08:02 18089803                   /opt/java/jdk1.8.0_202/jre/lib/amd64/libzip.so
7f5657662000-7f5657663000 rw-p 0001b000 08:02 18089803                   /opt/java/jdk1.8.0_202/jre/lib/amd64/libzip.so
7f5657663000-7f565768f000 r-xp 00000000 08:02 18089797                   /opt/java/jdk1.8.0_202/jre/lib/amd64/libjava.so
7f565768f000-7f565788e000 ---p 0002c000 08:02 18089797                   /opt/java/jdk1.8.0_202/jre/lib/amd64/libjava.so
7f565788e000-7f565788f000 r--p 0002b000 08:02 18089797                   /opt/java/jdk1.8.0_202/jre/lib/amd64/libjava.so
7f565788f000-7f5657891000 rw-p 0002c000 08:02 18089797                   /opt/java/jdk1.8.0_202/jre/lib/amd64/libjava.so
7f5657891000-7f565789e000 r-xp 00000000 08:02 18089802                   /opt/java/jdk1.8.0_202/jre/lib/amd64/libverify.so
7f565789e000-7f5657a9d000 ---p 0000d000 08:02 18089802                   /opt/java/jdk1.8.0_202/jre/lib/amd64/libverify.so
7f5657a9d000-7f5657a9f000 r--p 0000c000 08:02 18089802                   /opt/java/jdk1.8.0_202/jre/lib/amd64/libverify.so
7f5657a9f000-7f5657aa0000 rw-p 0000e000 08:02 18089802                   /opt/java/jdk1.8.0_202/jre/lib/amd64/libverify.so
7f5657aa0000-7f5657aa1000 r--p 00000000 08:02 29886634                   /usr/lib/x86_64-linux-gnu/librt.so.1
7f5657aa1000-7f5657aa2000 r-xp 00001000 08:02 29886634                   /usr/lib/x86_64-linux-gnu/librt.so.1
7f5657aa2000-7f5657aa3000 r--p 00002000 08:02 29886634                   /usr/lib/x86_64-linux-gnu/librt.so.1
7f5657aa3000-7f5657aa4000 r--p 00002000 08:02 29886634                   /usr/lib/x86_64-linux-gnu/librt.so.1
7f5657aa4000-7f5657aa5000 rw-p 00003000 08:02 29886634                   /usr/lib/x86_64-linux-gnu/librt.so.1
7f5657aa5000-7f5657aa6000 ---p 00000000 00:00 0 
7f5657aa6000-7f5657aa9000 ---p 00000000 00:00 0 
7f5657aa9000-7f5657ba6000 rw-p 00000000 00:00 0 
7f5657ba6000-7f5657bb3000 r--p 00000000 08:02 29886611                   /usr/lib/x86_64-linux-gnu/libm.so.6
7f5657bb3000-7f5657c2d000 r-xp 0000d000 08:02 29886611                   /usr/lib/x86_64-linux-gnu/libm.so.6
7f5657c2d000-7f5657c87000 r--p 00087000 08:02 29886611                   /usr/lib/x86_64-linux-gnu/libm.so.6
7f5657c87000-7f5657c88000 ---p 000e1000 08:02 29886611                   /usr/lib/x86_64-linux-gnu/libm.so.6
7f5657c88000-7f5657c89000 r--p 000e1000 08:02 29886611                   /usr/lib/x86_64-linux-gnu/libm.so.6
7f5657c89000-7f5657c8a000 rw-p 000e2000 08:02 29886611                   /usr/lib/x86_64-linux-gnu/libm.so.6
7f5657c8a000-7f5658972000 r-xp 00000000 08:02 18089778                   /opt/java/jdk1.8.0_202/jre/lib/amd64/server/libjvm.so
7f5658972000-7f5658b71000 ---p 00ce8000 08:02 18089778                   /opt/java/jdk1.8.0_202/jre/lib/amd64/server/libjvm.so
7f5658b71000-7f5658c07000 r--p 00ce7000 08:02 18089778                   /opt/java/jdk1.8.0_202/jre/lib/amd64/server/libjvm.so
7f5658c07000-7f5658c38000 rw-p 00d7d000 08:02 18089778                   /opt/java/jdk1.8.0_202/jre/lib/amd64/server/libjvm.so
7f5658c38000-7f5658c75000 rw-p 00000000 00:00 0 
7f5658c75000-7f5658c9d000 r--p 00000000 08:02 29886602                   /usr/lib/x86_64-linux-gnu/libc.so.6
7f5658c9d000-7f5658e31000 r-xp 00028000 08:02 29886602                   /usr/lib/x86_64-linux-gnu/libc.so.6
7f5658e31000-7f5658e89000 r--p 001bc000 08:02 29886602                   /usr/lib/x86_64-linux-gnu/libc.so.6
7f5658e89000-7f5658e8a000 ---p 00214000 08:02 29886602                   /usr/lib/x86_64-linux-gnu/libc.so.6
7f5658e8a000-7f5658e8e000 r--p 00214000 08:02 29886602                   /usr/lib/x86_64-linux-gnu/libc.so.6
7f5658e8e000-7f5658e90000 rw-p 00218000 08:02 29886602                   /usr/lib/x86_64-linux-gnu/libc.so.6
7f5658e90000-7f5658e9d000 rw-p 00000000 00:00 0 
7f5658e9d000-7f5658e9e000 r--p 00000000 08:02 29886607                   /usr/lib/x86_64-linux-gnu/libdl.so.2
7f5658e9e000-7f5658e9f000 r-xp 00001000 08:02 29886607                   /usr/lib/x86_64-linux-gnu/libdl.so.2
7f5658e9f000-7f5658ea0000 r--p 00002000 08:02 29886607                   /usr/lib/x86_64-linux-gnu/libdl.so.2
7f5658ea0000-7f5658ea1000 r--p 00002000 08:02 29886607                   /usr/lib/x86_64-linux-gnu/libdl.so.2
7f5658ea1000-7f5658ea2000 rw-p 00003000 08:02 29886607                   /usr/lib/x86_64-linux-gnu/libdl.so.2
7f5658ea2000-7f5658eb9000 r-xp 00000000 08:02 18089450                   /opt/java/jdk1.8.0_202/lib/amd64/jli/libjli.so
7f5658eb9000-7f56590b8000 ---p 00017000 08:02 18089450                   /opt/java/jdk1.8.0_202/lib/amd64/jli/libjli.so
7f56590b8000-7f56590b9000 r--p 00016000 08:02 18089450                   /opt/java/jdk1.8.0_202/lib/amd64/jli/libjli.so
7f56590b9000-7f56590ba000 rw-p 00017000 08:02 18089450                   /opt/java/jdk1.8.0_202/lib/amd64/jli/libjli.so
7f56590ba000-7f56590bb000 r--p 00000000 08:02 29886630                   /usr/lib/x86_64-linux-gnu/libpthread.so.0
7f56590bb000-7f56590bc000 r-xp 00001000 08:02 29886630                   /usr/lib/x86_64-linux-gnu/libpthread.so.0
7f56590bc000-7f56590bd000 r--p 00002000 08:02 29886630                   /usr/lib/x86_64-linux-gnu/libpthread.so.0
7f56590bd000-7f56590be000 r--p 00002000 08:02 29886630                   /usr/lib/x86_64-linux-gnu/libpthread.so.0
7f56590be000-7f56590bf000 rw-p 00003000 08:02 29886630                   /usr/lib/x86_64-linux-gnu/libpthread.so.0
7f56590bf000-7f56590c0000 r--s 00000000 08:02 18351521                   /home/dominic/.m2/repository/com/google/guava/listenablefuture/9999.0-empty-to-avoid-conflict-with-guava/listenablefuture-9999.0-empty-to-avoid-conflict-with-guava.jar
7f56590c0000-7f56590c2000 r--s 00002000 08:02 18351506                   /home/dominic/.m2/repository/com/google/auto/service/auto-service/1.0/auto-service-1.0.jar
7f56590c2000-7f56590c3000 r--s 00000000 08:02 18351516                   /home/dominic/.m2/repository/com/google/auto/service/auto-service-annotations/1.0/auto-service-annotations-1.0.jar
7f56590c3000-7f56590c4000 r--s 00003000 08:02 18351513                   /home/dominic/.m2/repository/org/seleniumhq/selenium/selenium-chrome-driver/4.0.0/selenium-chrome-driver-4.0.0.jar
7f56590c4000-7f56590c5000 r--s 00000000 08:02 18351505                   /home/dominic/.m2/repository/org/seleniumhq/selenium/selenium-java/4.0.0/selenium-java-4.0.0.jar
7f56590c5000-7f56590cd000 rw-s 00000000 08:02 29754930                   /tmp/hsperfdata_dominic/20950
7f56590cd000-7f56590ce000 rw-p 00000000 00:00 0 
7f56590ce000-7f56590cf000 r--p 00000000 00:00 0 
7f56590cf000-7f56590d1000 rw-p 00000000 00:00 0 
7f56590d1000-7f56590d2000 r--p 00000000 08:02 29886579                   /usr/lib/x86_64-linux-gnu/ld-linux-x86-64.so.2
7f56590d2000-7f56590fa000 r-xp 00001000 08:02 29886579                   /usr/lib/x86_64-linux-gnu/ld-linux-x86-64.so.2
7f56590fa000-7f5659104000 r--p 00029000 08:02 29886579                   /usr/lib/x86_64-linux-gnu/ld-linux-x86-64.so.2
7f5659104000-7f5659106000 r--p 00032000 08:02 29886579                   /usr/lib/x86_64-linux-gnu/ld-linux-x86-64.so.2
7f5659106000-7f5659108000 rw-p 00034000 08:02 29886579                   /usr/lib/x86_64-linux-gnu/ld-linux-x86-64.so.2
7ffd834ab000-7ffd834d0000 rw-p 00000000 00:00 0                          [stack]
7ffd83508000-7ffd8350c000 r--p 00000000 00:00 0                          [vvar]
7ffd8350c000-7ffd8350e000 r-xp 00000000 00:00 0                          [vdso]
ffffffffff600000-ffffffffff601000 --xp 00000000 00:00 0                  [vsyscall]

VM Arguments:
jvm_args: -ea -Dfile.encoding=UTF-8 
java_command: org.testng.remote.RemoteTestNG -serport 41895 -protocol json -d /home/dominic/eclipse-workspace/Customized-Testing-Framework/test-output /home/dominic/eclipse-workspace/Customized-Testing-Framework/testng.xml
java_class_path (initial): /home/dominic/Downloads/eclipse/configuration/org.eclipse.osgi/435/0/.cp/lib/testng-remote.jar:/home/dominic/eclipse-workspace/Customized-Testing-Framework/target/test-classes:/home/dominic/eclipse-workspace/Customized-Testing-Framework/target/classes:/home/dominic/Downloads/eclipse/plugins/org.testng_7.4.0.r202105021533.jar:/home/dominic/eclipse-workspace/Customized-Testing-Framework/mysql-connector-java-8.0.27.jar:/home/dominic/.m2/repository/org/seleniumhq/selenium/selenium-java/4.0.0/selenium-java-4.0.0.jar:/home/dominic/.m2/repository/org/seleniumhq/selenium/selenium-api/4.0.0/selenium-api-4.0.0.jar:/home/dominic/.m2/repository/org/seleniumhq/selenium/selenium-chrome-driver/4.0.0/selenium-chrome-driver-4.0.0.jar:/home/dominic/.m2/repository/com/google/auto/service/auto-service-annotations/1.0/auto-service-annotations-1.0.jar:/home/dominic/.m2/repository/com/google/auto/service/auto-service/1.0/auto-service-1.0.jar:/home/dominic/.m2/repository/com/google/auto/auto-common/1.0/auto-common-1.0.jar:/home/dominic/.m2/repository/com/google/guava/guava/31.0.1-jre/guava-31.0.1-jre.jar:/home/dominic/.m2/repository/com/google/guava/failureaccess/1.0.1/failureaccess-1.0.1.jar:/home/dominic/.m2/repository/com/google/guava/listenablefuture/9999.0-empty-to-avoid-conflict-with-guava/listenablefuture-9999.0-empty-to-avoid-conflict-with-guava.jar:/home/dominic/.m2/repository/com/google/code/findbugs/jsr305/3.0.2/jsr305-3.0.2.jar:/home/dominic/.m2/repository/org/checkerframework/checker-qual/3.12.0/checker-qual-3.12.0.jar:/home/dominic/.m2/repository/com/google/errorprone/error_prone_annotations/2.7.1/error_prone_annotations-2.7.1.jar:/home/dominic/.m2/repository/com/google/j2objc/j2objc-annotations/1.3/j2objc-annotations-1.3.jar:/home/dominic/.m2/repository/org/seleniumhq/selenium/selenium-chromium-driver/4.0.0/selenium-chromium-driver-4.0.0.jar:/home/dominic/.m2/repository/org/seleniumhq/selenium/selenium-json/4.0.0/selenium-json-4.0.0.jar:/home/dom
Launcher Type: SUN_STANDARD

Environment Variables:
JAVA_HOME=/usr/lib/jvm/jdk-11.0.12
PATH=/usr/local/sbin:/usr/local/bin:/usr/sbin:/usr/bin:/sbin:/bin:/usr/games:/usr/local/games:/snap/bin:/snap/bin
USERNAME=dominic
SHELL=/bin/bash
DISPLAY=:0

Signal Handlers:
SIGSEGV: [libjvm.so+0xad3ce0], sa_mask[0]=11111111011111111101111111111110, sa_flags=SA_RESTART|SA_SIGINFO
SIGBUS: [libjvm.so+0xad3ce0], sa_mask[0]=11111111011111111101111111111110, sa_flags=SA_RESTART|SA_SIGINFO
SIGFPE: [libjvm.so+0x90b820], sa_mask[0]=11111111011111111101111111111110, sa_flags=SA_RESTART|SA_SIGINFO
SIGPIPE: [libjvm.so+0x90b820], sa_mask[0]=11111111011111111101111111111110, sa_flags=SA_RESTART|SA_SIGINFO
SIGXFSZ: [libjvm.so+0x90b820], sa_mask[0]=11111111011111111101111111111110, sa_flags=SA_RESTART|SA_SIGINFO
SIGILL: [libjvm.so+0x90b820], sa_mask[0]=11111111011111111101111111111110, sa_flags=SA_RESTART|SA_SIGINFO
SIGUSR1: SIG_DFL, sa_mask[0]=00000000000000000000000000000000, sa_flags=none
SIGUSR2: [libjvm.so+0x90b6f0], sa_mask[0]=00100000000000000000000000000000, sa_flags=SA_RESTART|SA_SIGINFO
SIGHUP: [libjvm.so+0x90bd10], sa_mask[0]=11111111011111111101111111111110, sa_flags=SA_RESTART|SA_SIGINFO
SIGINT: [libjvm.so+0x90bd10], sa_mask[0]=11111111011111111101111111111110, sa_flags=SA_RESTART|SA_SIGINFO
SIGTERM: [libjvm.so+0x90bd10], sa_mask[0]=11111111011111111101111111111110, sa_flags=SA_RESTART|SA_SIGINFO
SIGQUIT: [libjvm.so+0x90bd10], sa_mask[0]=11111111011111111101111111111110, sa_flags=SA_RESTART|SA_SIGINFO


---------------  S Y S T E M  ---------------

OS:DISTRIB_ID=Ubuntu
DISTRIB_RELEASE=21.10
DISTRIB_CODENAME=impish
DISTRIB_DESCRIPTION="Ubuntu 21.10"

uname:Linux 5.13.0-35-generic #40-Ubuntu SMP Mon Mar 7 08:03:10 UTC 2022 x86_64
libc:glibc 2.34 NPTL 2.34 
rlimit: STACK 8192k, CORE 0k, NPROC 31189, NOFILE 1048576, AS infinity
load average:3.65 1.96 1.43

/proc/meminfo:
MemTotal:        8035352 kB
MemFree:         2249336 kB
MemAvailable:    3269992 kB
Buffers:           82772 kB
Cached:          1597400 kB
SwapCached:        20524 kB
Active:           871176 kB
Inactive:        4448424 kB
Active(anon):      91636 kB
Inactive(anon):  4044780 kB
Active(file):     779540 kB
Inactive(file):   403644 kB
Unevictable:      151896 kB
Mlocked:              64 kB
SwapTotal:       2097148 kB
SwapFree:        1963516 kB
Dirty:              4032 kB
Writeback:             0 kB
AnonPages:       3770964 kB
Mapped:           550780 kB
Shmem:            499160 kB
KReclaimable:     112588 kB
Slab:             212192 kB
SReclaimable:     112588 kB
SUnreclaim:        99604 kB
KernelStack:       14240 kB
PageTables:        31156 kB
NFS_Unstable:          0 kB
Bounce:                0 kB
WritebackTmp:          0 kB
CommitLimit:     6114824 kB
Committed_AS:    9679492 kB
VmallocTotal:   34359738367 kB
VmallocUsed:       31888 kB
VmallocChunk:          0 kB
Percpu:             4128 kB
HardwareCorrupted:     0 kB
AnonHugePages:         0 kB
ShmemHugePages:        0 kB
ShmemPmdMapped:        0 kB
FileHugePages:         0 kB
FilePmdMapped:         0 kB
HugePages_Total:       0
HugePages_Free:        0
HugePages_Rsvd:        0
HugePages_Surp:        0
Hugepagesize:       2048 kB
Hugetlb:               0 kB
DirectMap4k:      303040 kB
DirectMap2M:     7979008 kB


CPU:total 4 (initial active 4) (4 cores per cpu, 1 threads per core) family 6 model 58 stepping 9, cmov, cx8, fxsr, mmx, sse, sse2, sse3, ssse3, sse4.1, sse4.2, popcnt, avx, aes, clmul, erms, tsc, tscinvbit, tscinv

/proc/cpuinfo:
processor	: 0
vendor_id	: GenuineIntel
cpu family	: 6
model		: 58
model name	: Intel(R) Core(TM) i5-3470 CPU @ 3.20GHz
stepping	: 9
microcode	: 0x21
cpu MHz		: 1600.000
cache size	: 6144 KB
physical id	: 0
siblings	: 4
core id		: 0
cpu cores	: 4
apicid		: 0
initial apicid	: 0
fpu		: yes
fpu_exception	: yes
cpuid level	: 13
wp		: yes
flags		: fpu vme de pse tsc msr pae mce cx8 apic sep mtrr pge mca cmov pat pse36 clflush dts acpi mmx fxsr sse sse2 ss ht tm pbe syscall nx rdtscp lm constant_tsc arch_perfmon pebs bts rep_good nopl xtopology nonstop_tsc cpuid aperfmperf pni pclmulqdq dtes64 monitor ds_cpl smx est tm2 ssse3 cx16 xtpr pdcm pcid sse4_1 sse4_2 x2apic popcnt tsc_deadline_timer aes xsave avx f16c rdrand lahf_lm cpuid_fault epb pti ssbd ibrs ibpb stibp fsgsbase smep erms xsaveopt dtherm ida arat pln pts md_clear flush_l1d
bugs		: cpu_meltdown spectre_v1 spectre_v2 spec_store_bypass l1tf mds swapgs itlb_multihit srbds
bogomips	: 6385.29
clflush size	: 64
cache_alignment	: 64
address sizes	: 36 bits physical, 48 bits virtual
power management:

processor	: 1
vendor_id	: GenuineIntel
cpu family	: 6
model		: 58
model name	: Intel(R) Core(TM) i5-3470 CPU @ 3.20GHz
stepping	: 9
microcode	: 0x21
cpu MHz		: 2500.000
cache size	: 6144 KB
physical id	: 0
siblings	: 4
core id		: 1
cpu cores	: 4
apicid		: 2
initial apicid	: 2
fpu		: yes
fpu_exception	: yes
cpuid level	: 13
wp		: yes
flags		: fpu vme de pse tsc msr pae mce cx8 apic sep mtrr pge mca cmov pat pse36 clflush dts acpi mmx fxsr sse sse2 ss ht tm pbe syscall nx rdtscp lm constant_tsc arch_perfmon pebs bts rep_good nopl xtopology nonstop_tsc cpuid aperfmperf pni pclmulqdq dtes64 monitor ds_cpl smx est tm2 ssse3 cx16 xtpr pdcm pcid sse4_1 sse4_2 x2apic popcnt tsc_deadline_timer aes xsave avx f16c rdrand lahf_lm cpuid_fault epb pti ssbd ibrs ibpb stibp fsgsbase smep erms xsaveopt dtherm ida arat pln pts md_clear flush_l1d
bugs		: cpu_meltdown spectre_v1 spectre_v2 spec_store_bypass l1tf mds swapgs itlb_multihit srbds
bogomips	: 6385.29
clflush size	: 64
cache_alignment	: 64
address sizes	: 36 bits physical, 48 bits virtual
power management:

processor	: 2
vendor_id	: GenuineIntel
cpu family	: 6
model		: 58
model name	: Intel(R) Core(TM) i5-3470 CPU @ 3.20GHz
stepping	: 9
microcode	: 0x21
cpu MHz		: 1895.700
cache size	: 6144 KB
physical id	: 0
siblings	: 4
core id		: 2
cpu cores	: 4
apicid		: 4
initial apicid	: 4
fpu		: yes
fpu_exception	: yes
cpuid level	: 13
wp		: yes
flags		: fpu vme de pse tsc msr pae mce cx8 apic sep mtrr pge mca cmov pat pse36 clflush dts acpi mmx fxsr sse sse2 ss ht tm pbe syscall nx rdtscp lm constant_tsc arch_perfmon pebs bts rep_good nopl xtopology nonstop_tsc cpuid aperfmperf pni pclmulqdq dtes64 monitor ds_cpl smx est tm2 ssse3 cx16 xtpr pdcm pcid sse4_1 sse4_2 x2apic popcnt tsc_deadline_timer aes xsave avx f16c rdrand lahf_lm cpuid_fault epb pti ssbd ibrs ibpb stibp fsgsbase smep erms xsaveopt dtherm ida arat pln pts md_clear flush_l1d
bugs		: cpu_meltdown spectre_v1 spectre_v2 spec_store_bypass l1tf mds swapgs itlb_multihit srbds
bogomips	: 6385.29
clflush size	: 64
cache_alignment	: 64
address sizes	: 36 bits physical, 48 bits virtual
power management:

processor	: 3
vendor_id	: GenuineIntel
cpu family	: 6
model		: 58
model name	: Intel(R) Core(TM) i5-3470 CPU @ 3.20GHz
stepping	: 9
microcode	: 0x21
cpu MHz		: 1898.590
cache size	: 6144 KB
physical id	: 0
siblings	: 4
core id		: 3
cpu cores	: 4
apicid		: 6
initial apicid	: 6
fpu		: yes
fpu_exception	: yes
cpuid level	: 13
wp		: yes
flags		: fpu vme de pse tsc msr pae mce cx8 apic sep mtrr pge mca cmov pat pse36 clflush dts acpi mmx fxsr sse sse2 ss ht tm pbe syscall nx rdtscp lm constant_tsc arch_perfmon pebs bts rep_good nopl xtopology nonstop_tsc cpuid aperfmperf pni pclmulqdq dtes64 monitor ds_cpl smx est tm2 ssse3 cx16 xtpr pdcm pcid sse4_1 sse4_2 x2apic popcnt tsc_deadline_timer aes xsave avx f16c rdrand lahf_lm cpuid_fault epb pti ssbd ibrs ibpb stibp fsgsbase smep erms xsaveopt dtherm ida arat pln pts md_clear flush_l1d
bugs		: cpu_meltdown spectre_v1 spectre_v2 spec_store_bypass l1tf mds swapgs itlb_multihit srbds
bogomips	: 6385.29
clflush size	: 64
cache_alignment	: 64
address sizes	: 36 bits physical, 48 bits virtual
power management:



Memory: 4k page, physical 8035352k(2249432k free), swap 2097148k(1963516k free)

vm_info: Java HotSpot(TM) 64-Bit Server VM (25.202-b08) for linux-amd64 JRE (1.8.0_202-b08), built on Dec 15 2018 12:40:22 by "java_re" with gcc 7.3.0

time: Mon Mar 21 23:23:35 2022
timezone: IST
elapsed time: 11 seconds (0d 0h 0m 11s)

